#
# A fatal error has been detected by the Java Runtime Environment:
#
#  SIGSEGV (0xb) at pc=0x0000000113bdee34, pid=1457, tid=0x0000000000000307
#
# JRE version: Java(TM) SE Runtime Environment (8.0_131-b11) (build 1.8.0_131-b11)
# Java VM: Java HotSpot(TM) 64-Bit Server VM (25.131-b11 mixed mode bsd-amd64 compressed oops)
# Problematic frame:
# C  [JavaNativeFoundation+0x6e34]  -[JNFWeakJObjectWrapper _getWithEnv:]+0x20
#
# Failed to write core dump. Core dumps have been disabled. To enable core dumping, try "ulimit -c unlimited" before starting Java again
#
# If you would like to submit a bug report, please visit:
#   http://bugreport.java.com/bugreport/crash.jsp
#

---------------  T H R E A D  ---------------

Current thread is native thread

siginfo: si_signo: 11 (SIGSEGV), si_code: 1 (SEGV_MAPERR), si_addr: 0x00000000000000c0

Registers:
RAX=0x00007f9d2d1719f8, RBX=0x00007f9d2cd3a690, RCX=0x0000000000000000, RDX=0x0000000000000000
RSP=0x00007fff51caf160, RBP=0x00007fff51caf170, RSI=0x00007f9d2cf20428, RDI=0x00007f9d2d1719f8
R8 =0x0000000000000000, R9 =0x00000000000001f4, R10=0x0000000113be2ee0, R11=0x00007f9d2cf636b0
R12=0x00007f9d2d1719f8, R13=0x00007f9d311218f0, R14=0x0000000000000008, R15=0x00007f9d31118060
RIP=0x0000000113bdee34, EFLAGS=0x0000000000010246, ERR=0x0000000000000004
  TRAPNO=0x000000000000000e

Top of Stack: (sp=0x00007fff51caf160)
0x00007fff51caf160:   00007f9d2d1719f8 00007f9d2ee42200
0x00007fff51caf170:   00007fff51caf190 0000000113bdec44
0x00007fff51caf180:   00007f9d2cd3a600 00007f9d2cfe0d40
0x00007fff51caf190:   00007fff51caf1f0 0000000127582f53
0x00007fff51caf1a0:   a38150762ccf00d3 0000000000000000
0x00007fff51caf1b0:   40bd5b9cb6d8a698 0000000000000000
0x00007fff51caf1c0:   00007fff51caf1f0 00007f9d31118060
0x00007fff51caf1d0:   00007f9d2f401600 00007f9d311218f0
0x00007fff51caf1e0:   00007f9d31118060 00007fffea32c000
0x00007fff51caf1f0:   00007fff51caf270 00007fffdb03c165
0x00007fff51caf200:   00007f9d2d307a00 0000000000000000
0x00007fff51caf210:   000002ef51caf250 00007f9d2ee42200
0x00007fff51caf220:   0000000000000000 0000000000000000
0x00007fff51caf230:   0000000400000000 40bd5b9cb6d8a698
0x00007fff51caf240:   00007fff51caf270 00007f9d31118060
0x00007fff51caf250:   0000000000000004 0000000000000000
0x00007fff51caf260:   00007fffea32c000 00007fffd376c557
0x00007fff51caf270:   00007fff51caf2e0 00007fffdb03bce3
0x00007fff51caf280:   3ff0000000000000 407f400000000000
0x00007fff51caf290:   4087780000000000 0000000000000000
0x00007fff51caf2a0:   0000000000000000 407f400000000000
0x00007fff51caf2b0:   4087780000000000 00007fff51caf3b0
0x00007fff51caf2c0:   00007f9d2f400ea8 0000000000000000
0x00007fff51caf2d0:   00007fffd377520e 00007f9d2d307a00
0x00007fff51caf2e0:   00007fff51cb03b0 00007fffdb04f052
0x00007fff51caf2f0:   00007fff51cb03b0 00007fffdb04ef28
0x00007fff51caf300:   00007f9d2f400ea8 00007f9d2f400ea8
0x00007fff51caf310:   00007f9d2f400e00 00007f9d2d307a00
0x00007fff51caf320:   0000000000000001 00007fff51caf2f0
0x00007fff51caf330:   00007fff51caf380 00007fff51caf3b0
0x00007fff51caf340:   00007fff51caf3b0 0000000000000000
0x00007fff51caf350:   0000000000000001 00007f9d2d307a00 

Instructions: (pc=0x0000000113bdee34)
0x0000000113bdee14:   55 48 89 e5 41 56 53 48 89 d0 48 89 fb 48 8b 08
0x0000000113bdee24:   4c 8b 35 3d 3d 00 00 4a 8b 34 33 31 d2 48 89 c7
0x0000000113bdee34:   ff 91 c0 00 00 00 0f b6 c0 83 f8 01 75 0c 4a c7
0x0000000113bdee44:   04 33 00 00 00 00 31 c0 eb 04 4a 8b 04 33 5b 41 

Register to memory mapping:

RAX=0x00007f9d2d1719f8 is an unknown value
RBX=0x00007f9d2cd3a690 is an unknown value
RCX=0x0000000000000000 is an unknown value
RDX=0x0000000000000000 is an unknown value
RSP=0x00007fff51caf160 is an unknown value
RBP=0x00007fff51caf170 is an unknown value
RSI=0x00007f9d2cf20428 is a weak global jni handle
RDI=0x00007f9d2d1719f8 is an unknown value
R8 =0x0000000000000000 is an unknown value
R9 =0x00000000000001f4 is an unknown value
R10=0x0000000113be2ee0: OBJC_CLASS_$_JNFWeakJObjectWrapper+0 in /System/Library/Frameworks/JavaVM.framework/Versions/A/Frameworks/JavaNativeFoundation.framework/Versions/A/JavaNativeFoundation at 0x0000000113bd8000
R11=0x00007f9d2cf636b0 is an unknown value
R12=0x00007f9d2d1719f8 is an unknown value
R13=0x00007f9d311218f0 is an unknown value
R14=0x0000000000000008 is an unknown value
R15=0x00007f9d31118060 is an unknown value


Stack: [0x00007fff514b3000,0x00007fff51cb3000],  sp=0x00007fff51caf160,  free space=8176k
Native frames: (J=compiled Java code, j=interpreted, Vv=VM code, C=native code)
C  [JavaNativeFoundation+0x6e34]  -[JNFWeakJObjectWrapper _getWithEnv:]+0x20
C  [JavaNativeFoundation+0x6c44]  -[JNFJObjectWrapper jObjectWithEnv:]+0x16
C  [libawt_lwawt.dylib+0x1af53]  -[CGLLayer drawInCGLContext:pixelFormat:forLayerTime:displayTime:]+0xa4
C  [QuartzCore+0x113165]  CAOpenGLLayerDraw(CAOpenGLLayer*, double, CVTimeStamp const*, unsigned int)+0x369
C  [QuartzCore+0x112ce3]  -[CAOpenGLLayer _display]+0x15f
C  [QuartzCore+0x126052]  CA::Layer::display_if_needed(CA::Transaction*)+0x23c
C  [QuartzCore+0x12617d]  CA::Layer::layout_and_display_if_needed(CA::Transaction*)+0x23
C  [QuartzCore+0x11b934]  CA::Context::commit_transaction(CA::Transaction*)+0x118
C  [QuartzCore+0x107e1]  CA::Transaction::commit()+0x1db
C  [QuartzCore+0x111fc]  CA::Transaction::observer_callback(__CFRunLoopObserver*, unsigned long, void*)+0x6c
C  [CoreFoundation+0xa3de7]  __CFRUNLOOP_IS_CALLING_OUT_TO_AN_OBSERVER_CALLBACK_FUNCTION__+0x17
C  [CoreFoundation+0xa3d57]  __CFRunLoopDoObservers+0x187
C  [CoreFoundation+0x84c5e]  __CFRunLoopRun+0x4be
C  [CoreFoundation+0x84544]  CFRunLoopRunSpecific+0x1a4
C  [java+0x6465]  CreateExecutionEnvironment+0x367
C  [java+0x218c]  JLI_Launch+0x7a0
C  [java+0x84c2]  main+0x65
C  [java+0x19e4]  start+0x34


---------------  P R O C E S S  ---------------

VM state:not at safepoint (normal execution)

VM Mutex/Monitor currently owned by a thread: None

Heap:
 PSYoungGen      total 18944K, used 14401K [0x00000007aab00000, 0x00000007ac000000, 0x00000007c0000000)
  eden space 16384K, 87% used [0x00000007aab00000,0x00000007ab910740,0x00000007abb00000)
  from space 2560K, 0% used [0x00000007abd80000,0x00000007abd80000,0x00000007ac000000)
  to   space 2560K, 0% used [0x00000007abb00000,0x00000007abb00000,0x00000007abd80000)
 ParOldGen       total 44032K, used 0K [0x0000000780000000, 0x0000000782b00000, 0x00000007aab00000)
  object space 44032K, 0% used [0x0000000780000000,0x0000000780000000,0x0000000782b00000)
 Metaspace       used 13986K, capacity 14432K, committed 14592K, reserved 1062912K
  class space    used 1835K, capacity 1974K, committed 2048K, reserved 1048576K

Card table byte_map: [0x000000010fb98000,0x000000010fd99000] byte_map_base: 0x000000010bf98000

Marking Bits: (ParMarkBitMap*) 0x000000010f0f1ea0
 Begin Bits: [0x000000010feef000, 0x0000000110eef000)
 End Bits:   [0x0000000110eef000, 0x0000000111eef000)

Polling page: 0x000000010dfd8000

CodeCache: size=245760Kb used=3068Kb max_used=3068Kb free=242691Kb
 bounds [0x0000000114838000, 0x0000000114b38000, 0x0000000123838000]
 total_blobs=1418 nmethods=825 adapters=507
 compilation: enabled

Compilation events (10 events):
Event: 11.155 Thread 0x00007f9d2d06c800 nmethod 800 0x0000000114b2bc50 code [0x0000000114b2bdc0, 0x0000000114b2bf90]
Event: 11.155 Thread 0x00007f9d2d06c800  798       3       java.io.UnixFileSystem::prefixLength (25 bytes)
Event: 11.155 Thread 0x00007f9d2d06c800 nmethod 798 0x0000000114b2f010 code [0x0000000114b2f1a0, 0x0000000114b2f6a8]
Event: 11.156 Thread 0x00007f9d2d06c800  801       3       java.util.ArrayList$Itr::checkForComodification (23 bytes)
Event: 11.156 Thread 0x00007f9d2d06c800 nmethod 801 0x0000000114b2f890 code [0x0000000114b2fa00, 0x0000000114b2fc28]
Event: 11.156 Thread 0x00007f9d2d06c800  802       3       java.util.ArrayList$Itr::next (66 bytes)
Event: 11.157 Thread 0x00007f9d2d06c800 nmethod 802 0x0000000114b2fd10 code [0x0000000114b2fec0, 0x0000000114b303a8]
Event: 11.177 Thread 0x00007f9d2d06c800  803       1       sun.java2d.SurfaceData::isValid (5 bytes)
Event: 11.178 Thread 0x00007f9d2d06c800 nmethod 803 0x0000000114b30650 code [0x0000000114b307a0, 0x0000000114b308b0]
Event: 11.184 Thread 0x00007f9d2d06c800  805       3       java.security.AccessController::getContext (23 bytes)

GC Heap History (0 events):
No events

Deoptimization events (3 events):
Event: 1.395 Thread 0x00007f9d2d008800 Uncommon trap: reason=unstable_if action=reinterpret pc=0x00000001149d913c method=java.lang.String.replace(CC)Ljava/lang/String; @ 2
Event: 2.025 Thread 0x00007f9d2d008800 Uncommon trap: reason=unstable_if action=reinterpret pc=0x00000001149f2960 method=java.lang.String.startsWith(Ljava/lang/String;I)Z @ 25
Event: 6.265 Thread 0x00007f9d2d171800 Uncommon trap: reason=unstable_if action=reinterpret pc=0x0000000114a71e74 method=java.lang.String.toLowerCase(Ljava/util/Locale;)Ljava/lang/String; @ 85

Internal exceptions (10 events):
Event: 0.311 Thread 0x00007f9d2d008800 Exception <a 'java/security/PrivilegedActionException'> (0x00000007aad67d70) thrown at [/Users/java_re/workspace/8-2-build-macosx-x86_64/jdk8u131/8869/hotspot/src/share/vm/prims/jvm.cpp, line 1390]
Event: 0.312 Thread 0x00007f9d2d008800 Exception <a 'java/lang/NullPointerException'> (0x00000007aad68560) thrown at [/Users/java_re/workspace/8-2-build-macosx-x86_64/jdk8u131/8869/hotspot/src/share/vm/interpreter/linkResolver.cpp, line 1197]
Event: 1.780 Thread 0x00007f9d2d008800 Exception <a 'java/io/FileNotFoundException'> (0x00000007ab23e878) thrown at [/Users/java_re/workspace/8-2-build-macosx-x86_64/jdk8u131/8869/hotspot/src/share/vm/prims/jni.cpp, line 709]
Event: 1.780 Thread 0x00007f9d2d008800 Exception <a 'java/io/FileNotFoundException'> (0x00000007ab23f3e0) thrown at [/Users/java_re/workspace/8-2-build-macosx-x86_64/jdk8u131/8869/hotspot/src/share/vm/prims/jni.cpp, line 709]
Event: 6.998 Thread 0x00007f9d2d171800 Exception <a 'java/io/FileNotFoundException'> (0x00000007ab886e70) thrown at [/Users/java_re/workspace/8-2-build-macosx-x86_64/jdk8u131/8869/hotspot/src/share/vm/prims/jni.cpp, line 709]
Event: 8.000 Thread 0x00007f9d2d171800 Exception <a 'java/io/FileNotFoundException'> (0x00000007ab887960) thrown at [/Users/java_re/workspace/8-2-build-macosx-x86_64/jdk8u131/8869/hotspot/src/share/vm/prims/jni.cpp, line 709]
Event: 9.000 Thread 0x00007f9d2d171800 Exception <a 'java/io/FileNotFoundException'> (0x00000007ab888450) thrown at [/Users/java_re/workspace/8-2-build-macosx-x86_64/jdk8u131/8869/hotspot/src/share/vm/prims/jni.cpp, line 709]
Event: 10.002 Thread 0x00007f9d2d171800 Exception <a 'java/io/FileNotFoundException'> (0x00000007ab888f40) thrown at [/Users/java_re/workspace/8-2-build-macosx-x86_64/jdk8u131/8869/hotspot/src/share/vm/prims/jni.cpp, line 709]
Event: 11.004 Thread 0x00007f9d2d171800 Exception <a 'java/io/FileNotFoundException'> (0x00000007ab889a30) thrown at [/Users/java_re/workspace/8-2-build-macosx-x86_64/jdk8u131/8869/hotspot/src/share/vm/prims/jni.cpp, line 709]
Event: 11.114 Thread 0x00007f9d2d008800 Exception <a 'java/lang/reflect/InvocationTargetException'> (0x00000007ab6cae68) thrown at [/Users/java_re/workspace/8-2-build-macosx-x86_64/jdk8u131/8869/hotspot/src/share/vm/runtime/reflection.cpp, line 1092]

Events (10 events):
Event: 11.158 loading class java/util/Currency
Event: 11.158 loading class java/util/Currency done
Event: 11.158 loading class java/util/Currency$1
Event: 11.158 loading class java/util/Currency$1 done
Event: 11.178 Executing VM operation: RevokeBias
Event: 11.178 Executing VM operation: RevokeBias done
Event: 11.181 Executing VM operation: RevokeBias
Event: 11.181 Executing VM operation: RevokeBias done
Event: 11.182 Executing VM operation: RevokeBias
Event: 11.182 Executing VM operation: RevokeBias done


Dynamic libraries:
0x000000005faf2000 	/System/Library/Frameworks/Cocoa.framework/Versions/A/Cocoa
0x000000005faf2000 	/System/Library/Frameworks/Security.framework/Versions/A/Security
0x000000005faf2000 	/System/Library/Frameworks/ApplicationServices.framework/Versions/A/ApplicationServices
0x000000005faf2000 	/usr/lib/libz.1.dylib
0x000000005faf2000 	/usr/lib/libSystem.B.dylib
0x000000005faf2000 	/usr/lib/libobjc.A.dylib
0x000000005faf2000 	/System/Library/Frameworks/CoreFoundation.framework/Versions/A/CoreFoundation
0x000000005faf2000 	/System/Library/Frameworks/Foundation.framework/Versions/C/Foundation
0x000000005faf2000 	/System/Library/Frameworks/AppKit.framework/Versions/C/AppKit
0x000000005faf2000 	/System/Library/Frameworks/CoreData.framework/Versions/A/CoreData
0x000000005faf2000 	/System/Library/PrivateFrameworks/RemoteViewServices.framework/Versions/A/RemoteViewServices
0x000000005faf2000 	/System/Library/PrivateFrameworks/UIFoundation.framework/Versions/A/UIFoundation
0x000000005faf2000 	/System/Library/PrivateFrameworks/DFRFoundation.framework/Versions/A/DFRFoundation
0x000000005faf2000 	/usr/lib/libenergytrace.dylib
0x000000005faf2000 	/System/Library/PrivateFrameworks/SkyLight.framework/Versions/A/SkyLight
0x000000005faf2000 	/System/Library/Frameworks/CoreGraphics.framework/Versions/A/CoreGraphics
0x000000005faf2000 	/usr/lib/libScreenReader.dylib
0x000000005faf2000 	/System/Library/Frameworks/Accelerate.framework/Versions/A/Accelerate
0x000000005faf2000 	/System/Library/Frameworks/IOSurface.framework/Versions/A/IOSurface
0x000000005faf2000 	/System/Library/Frameworks/AudioToolbox.framework/Versions/A/AudioToolbox
0x000000005faf2000 	/System/Library/Frameworks/AudioUnit.framework/Versions/A/AudioUnit
0x000000005faf2000 	/System/Library/PrivateFrameworks/DataDetectorsCore.framework/Versions/A/DataDetectorsCore
0x000000005faf2000 	/System/Library/PrivateFrameworks/DesktopServicesPriv.framework/Versions/A/DesktopServicesPriv
0x000000005faf2000 	/System/Library/Frameworks/Carbon.framework/Versions/A/Frameworks/HIToolbox.framework/Versions/A/HIToolbox
0x000000005faf2000 	/usr/lib/libicucore.A.dylib
0x000000005faf2000 	/System/Library/Frameworks/QuartzCore.framework/Versions/A/QuartzCore
0x000000005faf2000 	/System/Library/Frameworks/Carbon.framework/Versions/A/Frameworks/SpeechRecognition.framework/Versions/A/SpeechRecognition
0x000000005faf2000 	/usr/lib/libauto.dylib
0x000000005faf2000 	/usr/lib/libxml2.2.dylib
0x000000005faf2000 	/System/Library/PrivateFrameworks/CoreUI.framework/Versions/A/CoreUI
0x000000005faf2000 	/System/Library/Frameworks/CoreAudio.framework/Versions/A/CoreAudio
0x000000005faf2000 	/System/Library/Frameworks/DiskArbitration.framework/Versions/A/DiskArbitration
0x000000005faf2000 	/usr/lib/liblangid.dylib
0x000000005faf2000 	/System/Library/PrivateFrameworks/MultitouchSupport.framework/Versions/A/MultitouchSupport
0x000000005faf2000 	/System/Library/Frameworks/IOKit.framework/Versions/A/IOKit
0x000000005faf2000 	/usr/lib/libDiagnosticMessagesClient.dylib
0x000000005faf2000 	/System/Library/Frameworks/CoreServices.framework/Versions/A/CoreServices
0x000000005faf2000 	/System/Library/PrivateFrameworks/PerformanceAnalysis.framework/Versions/A/PerformanceAnalysis
0x000000005faf2000 	/System/Library/PrivateFrameworks/GenerationalStorage.framework/Versions/A/GenerationalStorage
0x000000005faf2000 	/System/Library/Frameworks/OpenGL.framework/Versions/A/OpenGL
0x000000005faf2000 	/System/Library/Frameworks/CoreImage.framework/Versions/A/CoreImage
0x000000005faf2000 	/System/Library/Frameworks/CoreText.framework/Versions/A/CoreText
0x000000005faf2000 	/System/Library/Frameworks/ImageIO.framework/Versions/A/ImageIO
0x000000005faf2000 	/System/Library/PrivateFrameworks/Backup.framework/Versions/A/Backup
0x000000005faf2000 	/usr/lib/libarchive.2.dylib
0x000000005faf2000 	/System/Library/Frameworks/CFNetwork.framework/Versions/A/CFNetwork
0x000000005faf2000 	/System/Library/Frameworks/SystemConfiguration.framework/Versions/A/SystemConfiguration
0x000000005faf2000 	/usr/lib/libCRFSuite.dylib
0x000000005faf2000 	/usr/lib/libc++.1.dylib
0x000000005faf2000 	/usr/lib/libc++abi.dylib
0x000000005faf2000 	/usr/lib/system/libcache.dylib
0x000000005faf2000 	/usr/lib/system/libcommonCrypto.dylib
0x000000005faf2000 	/usr/lib/system/libcompiler_rt.dylib
0x000000005faf2000 	/usr/lib/system/libcopyfile.dylib
0x000000005faf2000 	/usr/lib/system/libcorecrypto.dylib
0x000000005faf2000 	/usr/lib/system/libdispatch.dylib
0x000000005faf2000 	/usr/lib/system/libdyld.dylib
0x000000005faf2000 	/usr/lib/system/libkeymgr.dylib
0x000000005faf2000 	/usr/lib/system/liblaunch.dylib
0x000000005faf2000 	/usr/lib/system/libmacho.dylib
0x000000005faf2000 	/usr/lib/system/libquarantine.dylib
0x000000005faf2000 	/usr/lib/system/libremovefile.dylib
0x000000005faf2000 	/usr/lib/system/libsystem_asl.dylib
0x000000005faf2000 	/usr/lib/system/libsystem_blocks.dylib
0x000000005faf2000 	/usr/lib/system/libsystem_c.dylib
0x000000005faf2000 	/usr/lib/system/libsystem_configuration.dylib
0x000000005faf2000 	/usr/lib/system/libsystem_coreservices.dylib
0x000000005faf2000 	/usr/lib/system/libsystem_coretls.dylib
0x000000005faf2000 	/usr/lib/system/libsystem_dnssd.dylib
0x000000005faf2000 	/usr/lib/system/libsystem_info.dylib
0x000000005faf2000 	/usr/lib/system/libsystem_kernel.dylib
0x000000005faf2000 	/usr/lib/system/libsystem_m.dylib
0x000000005faf2000 	/usr/lib/system/libsystem_malloc.dylib
0x000000005faf2000 	/usr/lib/system/libsystem_network.dylib
0x000000005faf2000 	/usr/lib/system/libsystem_networkextension.dylib
0x000000005faf2000 	/usr/lib/system/libsystem_notify.dylib
0x000000005faf2000 	/usr/lib/system/libsystem_platform.dylib
0x000000005faf2000 	/usr/lib/system/libsystem_pthread.dylib
0x000000005faf2000 	/usr/lib/system/libsystem_sandbox.dylib
0x000000005faf2000 	/usr/lib/system/libsystem_secinit.dylib
0x000000005faf2000 	/usr/lib/system/libsystem_symptoms.dylib
0x000000005faf2000 	/usr/lib/system/libsystem_trace.dylib
0x000000005faf2000 	/usr/lib/system/libunwind.dylib
0x000000005faf2000 	/usr/lib/system/libxpc.dylib
0x000000005faf2000 	/usr/lib/libbsm.0.dylib
0x000000005faf2000 	/usr/lib/system/libkxld.dylib
0x000000005faf2000 	/usr/lib/libcoretls.dylib
0x000000005faf2000 	/usr/lib/libcoretls_cfhelpers.dylib
0x000000005faf2000 	/usr/lib/libOpenScriptingUtil.dylib
0x000000005faf2000 	/usr/lib/libpam.2.dylib
0x000000005faf2000 	/usr/lib/libsqlite3.dylib
0x000000005faf2000 	/usr/lib/libxar.1.dylib
0x000000005faf2000 	/usr/lib/libbz2.1.0.dylib
0x000000005faf2000 	/usr/lib/liblzma.5.dylib
0x000000005faf2000 	/usr/lib/libnetwork.dylib
0x000000005faf2000 	/usr/lib/libpcap.A.dylib
0x000000005faf2000 	/System/Library/Frameworks/CoreServices.framework/Versions/A/Frameworks/FSEvents.framework/Versions/A/FSEvents
0x000000005faf2000 	/System/Library/Frameworks/CoreServices.framework/Versions/A/Frameworks/CarbonCore.framework/Versions/A/CarbonCore
0x000000005faf2000 	/System/Library/Frameworks/CoreServices.framework/Versions/A/Frameworks/Metadata.framework/Versions/A/Metadata
0x000000005faf2000 	/System/Library/Frameworks/CoreServices.framework/Versions/A/Frameworks/OSServices.framework/Versions/A/OSServices
0x000000005faf2000 	/System/Library/Frameworks/CoreServices.framework/Versions/A/Frameworks/SearchKit.framework/Versions/A/SearchKit
0x000000005faf2000 	/System/Library/Frameworks/CoreServices.framework/Versions/A/Frameworks/AE.framework/Versions/A/AE
0x000000005faf2000 	/System/Library/Frameworks/CoreServices.framework/Versions/A/Frameworks/LaunchServices.framework/Versions/A/LaunchServices
0x000000005faf2000 	/System/Library/Frameworks/CoreServices.framework/Versions/A/Frameworks/DictionaryServices.framework/Versions/A/DictionaryServices
0x000000005faf2000 	/System/Library/Frameworks/CoreServices.framework/Versions/A/Frameworks/SharedFileList.framework/Versions/A/SharedFileList
0x000000005faf2000 	/System/Library/Frameworks/NetFS.framework/Versions/A/NetFS
0x000000005faf2000 	/System/Library/PrivateFrameworks/NetAuth.framework/Versions/A/NetAuth
0x000000005faf2000 	/System/Library/PrivateFrameworks/login.framework/Versions/A/Frameworks/loginsupport.framework/Versions/A/loginsupport
0x000000005faf2000 	/System/Library/PrivateFrameworks/TCC.framework/Versions/A/TCC
0x000000005faf2000 	/usr/lib/libmecabra.dylib
0x000000005faf2000 	/System/Library/Frameworks/ApplicationServices.framework/Versions/A/Frameworks/ATS.framework/Versions/A/ATS
0x000000005faf2000 	/System/Library/Frameworks/ApplicationServices.framework/Versions/A/Frameworks/ColorSync.framework/Versions/A/ColorSync
0x000000005faf2000 	/System/Library/Frameworks/ApplicationServices.framework/Versions/A/Frameworks/HIServices.framework/Versions/A/HIServices
0x000000005faf2000 	/System/Library/Frameworks/ApplicationServices.framework/Versions/A/Frameworks/LangAnalysis.framework/Versions/A/LangAnalysis
0x000000005faf2000 	/System/Library/Frameworks/ApplicationServices.framework/Versions/A/Frameworks/PrintCore.framework/Versions/A/PrintCore
0x000000005faf2000 	/System/Library/Frameworks/ApplicationServices.framework/Versions/A/Frameworks/QD.framework/Versions/A/QD
0x000000005faf2000 	/System/Library/Frameworks/ApplicationServices.framework/Versions/A/Frameworks/SpeechSynthesis.framework/Versions/A/SpeechSynthesis
0x000000005faf2000 	/System/Library/Frameworks/Accelerate.framework/Versions/A/Frameworks/vImage.framework/Versions/A/vImage
0x000000005faf2000 	/System/Library/Frameworks/Accelerate.framework/Versions/A/Frameworks/vecLib.framework/Versions/A/vecLib
0x000000005faf2000 	/System/Library/Frameworks/Accelerate.framework/Versions/A/Frameworks/vecLib.framework/Versions/A/libvDSP.dylib
0x000000005faf2000 	/System/Library/Frameworks/Accelerate.framework/Versions/A/Frameworks/vecLib.framework/Versions/A/libBNNS.dylib
0x000000005faf2000 	/System/Library/Frameworks/Accelerate.framework/Versions/A/Frameworks/vecLib.framework/Versions/A/libQuadrature.dylib
0x000000005faf2000 	/System/Library/Frameworks/Accelerate.framework/Versions/A/Frameworks/vecLib.framework/Versions/A/libvMisc.dylib
0x000000005faf2000 	/System/Library/Frameworks/Accelerate.framework/Versions/A/Frameworks/vecLib.framework/Versions/A/libLAPACK.dylib
0x000000005faf2000 	/System/Library/Frameworks/Accelerate.framework/Versions/A/Frameworks/vecLib.framework/Versions/A/libBLAS.dylib
0x000000005faf2000 	/System/Library/Frameworks/Accelerate.framework/Versions/A/Frameworks/vecLib.framework/Versions/A/libLinearAlgebra.dylib
0x000000005faf2000 	/System/Library/Frameworks/Accelerate.framework/Versions/A/Frameworks/vecLib.framework/Versions/A/libSparseBLAS.dylib
0x000000005faf2000 	/System/Library/Frameworks/ApplicationServices.framework/Versions/A/Frameworks/ATS.framework/Versions/A/Resources/libFontParser.dylib
0x000000005faf2000 	/System/Library/Frameworks/ApplicationServices.framework/Versions/A/Frameworks/ATS.framework/Versions/A/Resources/libFontRegistry.dylib
0x000000005faf2000 	/System/Library/Frameworks/ImageIO.framework/Versions/A/Resources/libJPEG.dylib
0x000000005faf2000 	/System/Library/Frameworks/ImageIO.framework/Versions/A/Resources/libTIFF.dylib
0x000000005faf2000 	/System/Library/Frameworks/ImageIO.framework/Versions/A/Resources/libPng.dylib
0x000000005faf2000 	/System/Library/Frameworks/ImageIO.framework/Versions/A/Resources/libGIF.dylib
0x000000005faf2000 	/System/Library/Frameworks/ImageIO.framework/Versions/A/Resources/libJP2.dylib
0x000000005faf2000 	/System/Library/Frameworks/ImageIO.framework/Versions/A/Resources/libRadiance.dylib
0x000000005faf2000 	/usr/lib/libcompression.dylib
0x000000005faf2000 	/System/Library/PrivateFrameworks/AppleJPEG.framework/Versions/A/AppleJPEG
0x000000005faf2000 	/usr/lib/libcups.2.dylib
0x000000005faf2000 	/System/Library/Frameworks/Kerberos.framework/Versions/A/Kerberos
0x000000005faf2000 	/System/Library/Frameworks/GSS.framework/Versions/A/GSS
0x000000005faf2000 	/usr/lib/libresolv.9.dylib
0x000000005faf2000 	/usr/lib/libiconv.2.dylib
0x000000005faf2000 	/System/Library/PrivateFrameworks/Heimdal.framework/Versions/A/Heimdal
0x000000005faf2000 	/usr/lib/libheimdal-asn1.dylib
0x000000005faf2000 	/System/Library/Frameworks/OpenDirectory.framework/Versions/A/OpenDirectory
0x000000005faf2000 	/System/Library/PrivateFrameworks/CommonAuth.framework/Versions/A/CommonAuth
0x000000005faf2000 	/System/Library/Frameworks/OpenDirectory.framework/Versions/A/Frameworks/CFOpenDirectory.framework/Versions/A/CFOpenDirectory
0x000000005faf2000 	/System/Library/Frameworks/SecurityFoundation.framework/Versions/A/SecurityFoundation
0x000000005faf2000 	/System/Library/PrivateFrameworks/LanguageModeling.framework/Versions/A/LanguageModeling
0x000000005faf2000 	/usr/lib/libmarisa.dylib
0x000000005faf2000 	/usr/lib/libChineseTokenizer.dylib
0x000000005faf2000 	/usr/lib/libcmph.dylib
0x000000005faf2000 	/System/Library/PrivateFrameworks/CoreEmoji.framework/Versions/A/CoreEmoji
0x000000005faf2000 	/System/Library/Frameworks/ServiceManagement.framework/Versions/A/ServiceManagement
0x000000005faf2000 	/usr/lib/libxslt.1.dylib
0x000000005faf2000 	/System/Library/Frameworks/Carbon.framework/Versions/A/Frameworks/Ink.framework/Versions/A/Ink
0x000000005faf2000 	/System/Library/PrivateFrameworks/TextureIO.framework/Versions/A/TextureIO
0x000000005faf2000 	/System/Library/Frameworks/Metal.framework/Versions/A/Metal
0x000000005faf2000 	/usr/lib/libate.dylib
0x000000005faf2000 	/System/Library/PrivateFrameworks/GPUCompiler.framework/libmetal_timestamp.dylib
0x000000005faf2000 	/System/Library/Frameworks/OpenGL.framework/Versions/A/Libraries/libCoreFSCache.dylib
0x000000005faf2000 	/System/Library/PrivateFrameworks/IOAccelerator.framework/Versions/A/IOAccelerator
0x000000005faf2000 	/System/Library/Frameworks/CoreVideo.framework/Versions/A/CoreVideo
0x000000005faf2000 	/usr/lib/libFosl_dynamic.dylib
0x000000005faf2000 	/System/Library/PrivateFrameworks/MetalPerformanceShaders.framework/Versions/A/MetalPerformanceShaders
0x000000005faf2000 	/System/Library/PrivateFrameworks/FaceCore.framework/Versions/A/FaceCore
0x000000005faf2000 	/System/Library/Frameworks/OpenCL.framework/Versions/A/OpenCL
0x000000005faf2000 	/System/Library/Frameworks/OpenGL.framework/Versions/A/Libraries/libGLU.dylib
0x000000005faf2000 	/System/Library/Frameworks/OpenGL.framework/Versions/A/Libraries/libGFXShared.dylib
0x000000005faf2000 	/System/Library/Frameworks/OpenGL.framework/Versions/A/Libraries/libGL.dylib
0x000000005faf2000 	/System/Library/Frameworks/OpenGL.framework/Versions/A/Libraries/libGLImage.dylib
0x000000005faf2000 	/System/Library/Frameworks/OpenGL.framework/Versions/A/Libraries/libCVMSPluginSupport.dylib
0x000000005faf2000 	/System/Library/Frameworks/OpenGL.framework/Versions/A/Libraries/libCoreVMClient.dylib
0x000000005faf2000 	/System/Library/PrivateFrameworks/CrashReporterSupport.framework/Versions/A/CrashReporterSupport
0x000000005faf2000 	/System/Library/PrivateFrameworks/Sharing.framework/Versions/A/Sharing
0x000000005faf2000 	/System/Library/PrivateFrameworks/IconServices.framework/Versions/A/IconServices
0x000000005faf2000 	/System/Library/PrivateFrameworks/ProtocolBuffer.framework/Versions/A/ProtocolBuffer
0x000000005faf2000 	/System/Library/PrivateFrameworks/Apple80211.framework/Versions/A/Apple80211
0x000000005faf2000 	/System/Library/Frameworks/CoreWLAN.framework/Versions/A/CoreWLAN
0x000000005faf2000 	/System/Library/PrivateFrameworks/CoreUtils.framework/Versions/A/CoreUtils
0x000000005faf2000 	/System/Library/Frameworks/IOBluetooth.framework/Versions/A/IOBluetooth
0x000000005faf2000 	/System/Library/PrivateFrameworks/CoreWiFi.framework/Versions/A/CoreWiFi
0x000000005faf2000 	/System/Library/Frameworks/CoreBluetooth.framework/Versions/A/CoreBluetooth
0x000000005faf2000 	/System/Library/Frameworks/CoreDisplay.framework/Versions/A/CoreDisplay
0x000000005faf2000 	/System/Library/PrivateFrameworks/IOPresentment.framework/Versions/A/IOPresentment
0x000000005faf2000 	/System/Library/PrivateFrameworks/DSExternalDisplay.framework/Versions/A/DSExternalDisplay
0x000000005faf2000 	/System/Library/PrivateFrameworks/DebugSymbols.framework/Versions/A/DebugSymbols
0x000000005faf2000 	/System/Library/PrivateFrameworks/CoreSymbolication.framework/Versions/A/CoreSymbolication
0x000000005faf2000 	/System/Library/PrivateFrameworks/Symbolication.framework/Versions/A/Symbolication
0x000000005faf2000 	/System/Library/PrivateFrameworks/AppleFSCompression.framework/Versions/A/AppleFSCompression
0x000000005faf2000 	/System/Library/PrivateFrameworks/SpeechRecognitionCore.framework/Versions/A/SpeechRecognitionCore
0x000000005faf2000 	/System/Library/PrivateFrameworks/ChunkingLibrary.framework/Versions/A/ChunkingLibrary
0x000000010e800000 	/Library/Java/JavaVirtualMachines/jdk1.8.0_131.jdk/Contents/Home/jre/lib/server/libjvm.dylib
0x000000005faf2000 	/usr/lib/libstdc++.6.dylib
0x000000010dfca000 	/Library/Java/JavaVirtualMachines/jdk1.8.0_131.jdk/Contents/Home/jre/lib/libverify.dylib
0x000000010f7a3000 	/Library/Java/JavaVirtualMachines/jdk1.8.0_131.jdk/Contents/Home/jre/lib/libjava.dylib
0x000000010dfe2000 	/Library/Java/JavaVirtualMachines/jdk1.8.0_131.jdk/Contents/Home/jre/lib/libzip.dylib
0x0000000113bbe000 	/System/Library/Frameworks/JavaVM.framework/Frameworks/JavaRuntimeSupport.framework/JavaRuntimeSupport
0x0000000113bd8000 	/System/Library/Frameworks/JavaVM.framework/Versions/A/Frameworks/JavaNativeFoundation.framework/Versions/A/JavaNativeFoundation
0x0000000113bed000 	/System/Library/Frameworks/JavaVM.framework/Versions/A/JavaVM
0x000000005faf2000 	/System/Library/Frameworks/Carbon.framework/Versions/A/Carbon
0x0000000113bfa000 	/System/Library/PrivateFrameworks/JavaLaunching.framework/Versions/A/JavaLaunching
0x000000005faf2000 	/System/Library/Frameworks/Carbon.framework/Versions/A/Frameworks/CommonPanels.framework/Versions/A/CommonPanels
0x000000005faf2000 	/System/Library/Frameworks/Carbon.framework/Versions/A/Frameworks/Help.framework/Versions/A/Help
0x000000005faf2000 	/System/Library/Frameworks/Carbon.framework/Versions/A/Frameworks/ImageCapture.framework/Versions/A/ImageCapture
0x000000005faf2000 	/System/Library/Frameworks/Carbon.framework/Versions/A/Frameworks/OpenScripting.framework/Versions/A/OpenScripting
0x000000005faf2000 	/System/Library/Frameworks/Carbon.framework/Versions/A/Frameworks/Print.framework/Versions/A/Print
0x000000005faf2000 	/System/Library/Frameworks/Carbon.framework/Versions/A/Frameworks/SecurityHI.framework/Versions/A/SecurityHI
0x0000000113ce7000 	/Library/Java/JavaVirtualMachines/jdk1.8.0_131.jdk/Contents/Home/jre/lib/libprism_es2.dylib
0x000000005faf2000 	/System/Library/Frameworks/OpenGL.framework/Versions/A/Resources/GLEngine.bundle/GLEngine
0x000000005faf2000 	/System/Library/Frameworks/OpenGL.framework/Versions/A/Libraries/libGLProgrammability.dylib
0x0000000113d4d000 	/System/Library/Extensions/AppleIntelHD3000GraphicsGLDriver.bundle/Contents/MacOS/AppleIntelHD3000GraphicsGLDriver
0x000000005faf2000 	/System/Library/PrivateFrameworks/GPUSupport.framework/Versions/A/Libraries/libGPUSupport.dylib
0x000000005faf2000 	/System/Library/Frameworks/OpenGL.framework/Versions/A/Resources/GLRendererFloat.bundle/GLRendererFloat
0x000000005faf2000 	/System/Library/Frameworks/OpenCL.framework/Versions/A/Libraries/libcldcpuengine.dylib
0x000000005faf2000 	/usr/lib/libcrypto.0.9.8.dylib
0x000000005faf2000 	/System/Library/PrivateFrameworks/TrustEvaluationAgent.framework/Versions/A/TrustEvaluationAgent
0x00000001143ea000 	/Library/Java/JavaVirtualMachines/jdk1.8.0_131.jdk/Contents/Home/jre/lib/libglass.dylib
0x000000005faf2000 	/System/Library/PrivateFrameworks/CoreServicesInternal.framework/Versions/A/CoreServicesInternal
0x000000005faf2000 	/System/Library/CoreServices/RawCamera.bundle/Contents/MacOS/RawCamera
0x000000005faf2000 	/System/Library/Frameworks/Accelerate.framework/Versions/A/Frameworks/vImage.framework/Versions/A/Libraries/libCGInterfaces.dylib
0x000000005faf2000 	/System/Library/PrivateFrameworks/FamilyControls.framework/Versions/A/FamilyControls
0x000000005faf2000 	/System/Library/PrivateFrameworks/CommerceKit.framework/Versions/A/Frameworks/CommerceCore.framework/Versions/A/CommerceCore
0x000000005faf2000 	/System/Library/PrivateFrameworks/SystemAdministration.framework/Versions/A/SystemAdministration
0x000000005faf2000 	/System/Library/PrivateFrameworks/AppContainer.framework/Versions/A/AppContainer
0x000000005faf2000 	/System/Library/PrivateFrameworks/SecCodeWrapper.framework/Versions/A/SecCodeWrapper
0x000000005faf2000 	/System/Library/Frameworks/DirectoryService.framework/Versions/A/DirectoryService
0x000000005faf2000 	/System/Library/PrivateFrameworks/DiskImages.framework/Versions/A/DiskImages
0x000000005faf2000 	/System/Library/PrivateFrameworks/LoginUIKit.framework/Versions/A/Frameworks/LoginUICore.framework/Versions/A/LoginUICore
0x000000005faf2000 	/usr/lib/libCoreStorage.dylib
0x000000005faf2000 	/usr/lib/libcsfde.dylib
0x000000005faf2000 	/usr/lib/libodfde.dylib
0x000000005faf2000 	/System/Library/Frameworks/DiscRecording.framework/Versions/A/DiscRecording
0x000000005faf2000 	/usr/lib/libcurl.4.dylib
0x000000005faf2000 	/System/Library/PrivateFrameworks/MediaKit.framework/Versions/A/MediaKit
0x000000005faf2000 	/System/Library/PrivateFrameworks/ProtectedCloudStorage.framework/Versions/A/ProtectedCloudStorage
0x000000005faf2000 	/System/Library/PrivateFrameworks/EFILogin.framework/Versions/A/EFILogin
0x000000005faf2000 	/usr/lib/libutil.dylib
0x000000005faf2000 	/System/Library/Frameworks/LDAP.framework/Versions/A/LDAP
0x000000005faf2000 	/usr/lib/libsasl2.2.dylib
0x000000005faf2000 	/System/Library/PrivateFrameworks/CoreDaemon.framework/Versions/B/CoreDaemon
0x000000005faf2000 	/System/Library/PrivateFrameworks/AppleSRP.framework/Versions/A/AppleSRP
0x000000005faf2000 	/System/Library/PrivateFrameworks/APFS.framework/Versions/A/APFS
0x00000001273f4000 	/Library/Java/JavaVirtualMachines/jdk1.8.0_131.jdk/Contents/Home/jre/lib/libawt.dylib
0x000000012749c000 	/Library/Java/JavaVirtualMachines/jdk1.8.0_131.jdk/Contents/Home/jre/lib/./libmlib_image.dylib
0x0000000127568000 	/Library/Java/JavaVirtualMachines/jdk1.8.0_131.jdk/Contents/Home/jre/lib/libawt_lwawt.dylib
0x000000011478b000 	/Library/Java/JavaVirtualMachines/jdk1.8.0_131.jdk/Contents/Home/jre/lib/./libosxapp.dylib
0x000000005faf2000 	/System/Library/Frameworks/ExceptionHandling.framework/Versions/A/ExceptionHandling
0x000000005faf2000 	/System/Library/Frameworks/ApplicationServices.framework/Versions/A/Frameworks/ATS.framework/Versions/A/Resources/libTrueTypeScaler.dylib
0x0000000129000000 	/Library/Java/JavaVirtualMachines/jdk1.8.0_131.jdk/Contents/Home/jre/lib/libfontmanager.dylib
0x000000012895c000 	/Library/Java/JavaVirtualMachines/jdk1.8.0_131.jdk/Contents/Home/jre/lib/libosxui.dylib
0x000000005faf2000 	/System/Library/PrivateFrameworks/ViewBridge.framework/Versions/A/ViewBridge
0x000000005faf2000 	/System/Library/PrivateFrameworks/XPCService.framework/Versions/A/XPCService
0x000000005faf2000 	/System/Library/PrivateFrameworks/AppSandbox.framework/Versions/A/AppSandbox
0x000000005faf2000 	/usr/lib/libsandbox.1.dylib
0x000000005faf2000 	/usr/lib/libMatch.1.dylib
0x0000000129d5d000 	/Library/Java/JavaVirtualMachines/jdk1.8.0_131.jdk/Contents/Home/jre/lib/libnet.dylib
0x0000000129e64000 	/Library/Java/JavaVirtualMachines/jdk1.8.0_131.jdk/Contents/Home/jre/lib/libnio.dylib
0x00000001946bc000 	/Library/Java/JavaVirtualMachines/jdk1.8.0_131.jdk/Contents/Home/jre/lib/libglib-lite.dylib
0x0000000194ba5000 	/Library/Java/JavaVirtualMachines/jdk1.8.0_131.jdk/Contents/Home/jre/lib/libgstreamer-lite.dylib
0x0000000193323000 	/Library/Java/JavaVirtualMachines/jdk1.8.0_131.jdk/Contents/Home/jre/lib/libjfxmedia.dylib
0x00000001947dd000 	/Library/Java/JavaVirtualMachines/jdk1.8.0_131.jdk/Contents/Home/jre/lib/libjfxmedia_avf.dylib
0x000000005faf2000 	/System/Library/Frameworks/AVFoundation.framework/Versions/A/AVFoundation
0x000000005faf2000 	/System/Library/Frameworks/CoreMedia.framework/Versions/A/CoreMedia
0x000000005faf2000 	/System/Library/Frameworks/MediaToolbox.framework/Versions/A/MediaToolbox
0x000000005faf2000 	/System/Library/Frameworks/AVFoundation.framework/Versions/A/Frameworks/AVFAudio.framework/Versions/A/AVFAudio
0x000000005faf2000 	/System/Library/Frameworks/VideoToolbox.framework/Versions/A/VideoToolbox
0x000000005faf2000 	/System/Library/PrivateFrameworks/IntlPreferences.framework/Versions/A/IntlPreferences
0x000000005faf2000 	/System/Library/Frameworks/CoreMediaIO.framework/Versions/A/CoreMediaIO
0x000000005faf2000 	/usr/lib/libspindump.dylib
0x000000005faf2000 	/usr/lib/libdscsym.dylib
0x000000005faf2000 	/System/Library/PrivateFrameworks/CoreAVCHD.framework/Versions/A/CoreAVCHD
0x000000005faf2000 	/System/Library/Frameworks/MediaAccessibility.framework/Versions/A/MediaAccessibility
0x000000005faf2000 	/System/Library/PrivateFrameworks/Mangrove.framework/Versions/A/Mangrove
0x000000005faf2000 	/System/Library/PrivateFrameworks/CoreAUC.framework/Versions/A/CoreAUC
0x000000005faf2000 	/System/Library/PrivateFrameworks/AppleVA.framework/Versions/A/AppleVA
0x0000000192db4000 	/Library/Java/JavaVirtualMachines/jdk1.8.0_131.jdk/Contents/Home/jre/lib/libjfxmedia_qtkit.dylib
0x000000005faf2000 	/System/Library/Frameworks/QTKit.framework/Versions/A/QTKit
0x000000005faf2000 	/System/Library/PrivateFrameworks/CoreMediaAuthoring.framework/Versions/A/CoreMediaAuthoring

VM Arguments:
jvm_args: -Dfile.encoding=UTF-8 
java_command: quizkampen.Client
java_class_path (initial): /Users/Donut/Skola/Objektorienterad Programmering/Sprint_4/Quizkampen/Quizkampen/build/classes
Launcher Type: SUN_STANDARD

Environment Variables:
PATH=/usr/bin:/bin:/usr/sbin:/sbin
LD_LIBRARY_PATH=/Library/Java/JavaVirtualMachines/jdk1.8.0_131.jdk/Contents/Home/jre/lib/amd64:/Library/Java/JavaVirtualMachines/jdk1.8.0_131.jdk/Contents/Home/jre/lib/i386:
SHELL=/bin/bash

Signal Handlers:
SIGSEGV: [libjvm.dylib+0x5b1eb1], sa_mask[0]=11111111011111110111111111111111, sa_flags=SA_ONSTACK|SA_RESTART|SA_SIGINFO
SIGBUS: [libjvm.dylib+0x5b1eb1], sa_mask[0]=11111111011111110111111111111111, sa_flags=SA_RESTART|SA_SIGINFO
SIGFPE: [libjvm.dylib+0x488988], sa_mask[0]=11111111011111110111111111111111, sa_flags=SA_RESTART|SA_SIGINFO
SIGPIPE: [libjvm.dylib+0x488988], sa_mask[0]=11111111011111110111111111111111, sa_flags=SA_RESTART|SA_SIGINFO
SIGXFSZ: [libjvm.dylib+0x488988], sa_mask[0]=11111111011111110111111111111111, sa_flags=SA_RESTART|SA_SIGINFO
SIGILL: [libjvm.dylib+0x488988], sa_mask[0]=11111111011111110111111111111111, sa_flags=SA_RESTART|SA_SIGINFO
SIGUSR1: SIG_DFL, sa_mask[0]=00000000000000000000000000000000, sa_flags=none
SIGUSR2: [libjvm.dylib+0x4884a6], sa_mask[0]=00100000000000000000000000000000, sa_flags=SA_RESTART|SA_SIGINFO
SIGHUP: [libjvm.dylib+0x486a7d], sa_mask[0]=11111111011111110111111111111111, sa_flags=SA_RESTART|SA_SIGINFO
SIGINT: SIG_IGN, sa_mask[0]=00000000000000000000000000000000, sa_flags=none
SIGTERM: [libjvm.dylib+0x486a7d], sa_mask[0]=11111111011111110111111111111111, sa_flags=SA_RESTART|SA_SIGINFO
SIGQUIT: [libjvm.dylib+0x486a7d], sa_mask[0]=11111111011111110111111111111111, sa_flags=SA_RESTART|SA_SIGINFO


---------------  S Y S T E M  ---------------

OS:Bsduname:Darwin 16.7.0 Darwin Kernel Version 16.7.0: Thu Jun 15 17:36:27 PDT 2017; root:xnu-3789.70.16~2/RELEASE_X86_64 x86_64
rlimit: STACK 8192k, CORE 0k, NPROC 709, NOFILE 10240, AS infinity
load average:1.88 1.77 1.70

CPU:total 4 (initial active 4) (2 cores per cpu, 2 threads per core) family 6 model 42 stepping 7, cmov, cx8, fxsr, mmx, sse, sse2, sse3, ssse3, sse4.1, sse4.2, popcnt, avx, aes, clmul, ht, tsc, tscinvbit

Memory: 4k page, physical 4194304k(66868k free)

/proc/meminfo:


vm_info: Java HotSpot(TM) 64-Bit Server VM (25.131-b11) for bsd-amd64 JRE (1.8.0_131-b11), built on Mar 15 2017 01:32:22 by "java_re" with gcc 4.2.1 (Based on Apple Inc. build 5658) (LLVM build 2336.11.00)

time: Tue Nov 28 11:46:50 2017
elapsed time: 11 seconds (0d 0h 0m 11s)

