#
# A fatal error has been detected by the Java Runtime Environment:
#
#  SIGSEGV (0xb) at pc=0x000000010ae717f6, pid=1503, tid=0x0000000000000307
#
# JRE version: Java(TM) SE Runtime Environment (8.0_131-b11) (build 1.8.0_131-b11)
# Java VM: Java HotSpot(TM) 64-Bit Server VM (25.131-b11 mixed mode bsd-amd64 compressed oops)
# Problematic frame:
# V  [libjvm.dylib+0x16a7f6]
#
# Failed to write core dump. Core dumps have been disabled. To enable core dumping, try "ulimit -c unlimited" before starting Java again
#
# If you would like to submit a bug report, please visit:
#   http://bugreport.java.com/bugreport/crash.jsp
#

---------------  T H R E A D  ---------------

Current thread is native thread

siginfo: si_signo: 11 (SIGSEGV), si_code: 1 (SEGV_MAPERR), si_addr: 0x0000000000000270

Registers:
RAX=0x0000000000000000, RBX=0x0000000000000000, RCX=0x000000010b5374e0, RDX=0x0000000000000000
RSP=0x00007fff54f72110, RBP=0x00007fff54f72120, RSI=0x0000000000000006, RDI=0x00007fff54f72130
R8 =0x0000000000000000, R9 =0x00000000000001f4, R10=0x000000010bdf3ee0, R11=0x00007f923af17560
R12=0x00007f92392369f8, R13=0x00007f92386544e0, R14=0x00007f9238497970, R15=0x00007f92392369f8
RIP=0x000000010ae717f6, EFLAGS=0x0000000000010246, ERR=0x0000000000000006
  TRAPNO=0x000000000000000e

Top of Stack: (sp=0x00007fff54f72110)
0x00007fff54f72110:   0000000000000000 00007f9238497970
0x00007fff54f72120:   00007fff54f72150 000000010b01bd6a
0x00007fff54f72130:   0000000000000000 00007f923863f960
0x00007fff54f72140:   0000000000000008 00007f923864de60
0x00007fff54f72150:   00007fff54f72170 000000010bdefe3a
0x00007fff54f72160:   00007f92392369f8 00007f92388f7200
0x00007fff54f72170:   00007fff54f72190 000000010bdefc44
0x00007fff54f72180:   00007f923863f900 00007f92384a3bb0
0x00007fff54f72190:   00007fff54f721f0 0000000124363f53
0x00007fff54f721a0:   38ea2d76e1fa0033 0000000000000000
0x00007fff54f721b0:   40bf152697572c04 0000000000000000
0x00007fff54f721c0:   00007fff54f721f0 00007f923864de60
0x00007fff54f721d0:   00007f923ac00010 00007f92386544e0
0x00007fff54f721e0:   00007f923864de60 00007fffea32c000
0x00007fff54f721f0:   00007fff54f72270 00007fffdb03c165
0x00007fff54f72200:   00007f9239234000 0000000000000000
0x00007fff54f72210:   000002ef54f72250 00007f92388f7200
0x00007fff54f72220:   0000000000000000 0000000000000000
0x00007fff54f72230:   0000000400000000 40bf152697572c04
0x00007fff54f72240:   00007fff54f72270 00007f923864de60
0x00007fff54f72250:   0000000000000004 0000000000000000
0x00007fff54f72260:   00007fffea32c000 00007fffd376c557
0x00007fff54f72270:   00007fff54f722e0 00007fffdb03bce3
0x00007fff54f72280:   3ff0000000000000 407f400000000000
0x00007fff54f72290:   4087780000000000 0000000000000000
0x00007fff54f722a0:   0000000000000000 407f400000000000
0x00007fff54f722b0:   4087780000000000 00007fff54f723b0
0x00007fff54f722c0:   00007f923ad00eb8 0000000000000000
0x00007fff54f722d0:   00007fffd377520e 00007f9239234000
0x00007fff54f722e0:   00007fff54f733b0 00007fffdb04f052
0x00007fff54f722f0:   00007fff54f733b0 00007fffdb04ef28
0x00007fff54f72300:   00007f923ad00eb8 00007f923ad00eb8 

Instructions: (pc=0x000000010ae717f6)
0x000000010ae717d6:   0e 48 8b 0b 49 8b 56 18 48 63 c0 48 89 0c c2 5b
0x000000010ae717e6:   41 5e 5d c3 90 90 55 48 89 e5 41 56 53 48 8b 1f
0x000000010ae717f6:   c7 83 70 02 00 00 05 00 00 00 48 8d 05 21 6c 78
0x000000010ae71806:   00 8b 00 83 f8 01 41 89 f6 75 0c 48 8d 0d 6e d7 

Register to memory mapping:

RAX=0x0000000000000000 is an unknown value
RBX=0x0000000000000000 is an unknown value
RCX=0x000000010b5374e0: jni_NativeInterface+0 in /Library/Java/JavaVirtualMachines/jdk1.8.0_131.jdk/Contents/Home/jre/lib/server/libjvm.dylib at 0x000000010ad07000
RDX=0x0000000000000000 is an unknown value
RSP=0x00007fff54f72110 is an unknown value
RBP=0x00007fff54f72120 is an unknown value
RSI=0x0000000000000006 is an unknown value
RDI=0x00007fff54f72130 is an unknown value
R8 =0x0000000000000000 is an unknown value
R9 =0x00000000000001f4 is an unknown value
R10=0x000000010bdf3ee0: OBJC_CLASS_$_JNFWeakJObjectWrapper+0 in /System/Library/Frameworks/JavaVM.framework/Versions/A/Frameworks/JavaNativeFoundation.framework/Versions/A/JavaNativeFoundation at 0x000000010bde9000
R11=0x00007f923af17560 is an unknown value
R12=0x00007f92392369f8 is an unknown value
R13=0x00007f92386544e0 is an unknown value
R14=0x00007f9238497970 is a weak global jni handle
R15=0x00007f92392369f8 is an unknown value


Stack: [0x00007fff54776000,0x00007fff54f76000],  sp=0x00007fff54f72110,  free space=8176k
Native frames: (J=compiled Java code, j=interpreted, Vv=VM code, C=native code)
V  [libjvm.dylib+0x16a7f6]
V  [libjvm.dylib+0x314d6a]
C  [JavaNativeFoundation+0x6e3a]  -[JNFWeakJObjectWrapper _getWithEnv:]+0x26
C  [JavaNativeFoundation+0x6c44]  -[JNFJObjectWrapper jObjectWithEnv:]+0x16
C  [libawt_lwawt.dylib+0x1af53]  -[CGLLayer drawInCGLContext:pixelFormat:forLayerTime:displayTime:]+0xa4
C  [QuartzCore+0x113165]  _ZL17CAOpenGLLayerDrawP13CAOpenGLLayerdPK11CVTimeStampj+0x369
C  [QuartzCore+0x112ce3]  -[CAOpenGLLayer _display]+0x15f
C  [QuartzCore+0x126052]  _ZN2CA5Layer17display_if_neededEPNS_11TransactionE+0x23c
C  [QuartzCore+0x12617d]  _ZN2CA5Layer28layout_and_display_if_neededEPNS_11TransactionE+0x23
C  [QuartzCore+0x11b934]  _ZN2CA7Context18commit_transactionEPNS_11TransactionE+0x118
C  [QuartzCore+0x107e1]  _ZN2CA11Transaction6commitEv+0x1db
C  [QuartzCore+0x111fc]  _ZN2CA11Transaction17observer_callbackEP19__CFRunLoopObservermPv+0x6c
C  [CoreFoundation+0xa3de7]  __CFRUNLOOP_IS_CALLING_OUT_TO_AN_OBSERVER_CALLBACK_FUNCTION__+0x17
C  [CoreFoundation+0xa3d57]  __CFRunLoopDoObservers+0x187
C  [CoreFoundation+0x84c5e]  __CFRunLoopRun+0x4be
C  [CoreFoundation+0x84544]  CFRunLoopRunSpecific+0x1a4
C  [java+0x6465]  CreateExecutionEnvironment+0x367
C  [java+0x218c]  JLI_Launch+0x7a0
C  [java+0x84c2]  main+0x65
C  [java+0x19e4]  start+0x34


---------------  P R O C E S S  ---------------

VM state:not at safepoint (normal execution)

VM Mutex/Monitor currently owned by a thread: None

Heap:
 PSYoungGen      total 18944K, used 13934K [0x00000007aab00000, 0x00000007ac000000, 0x00000007c0000000)
  eden space 16384K, 85% used [0x00000007aab00000,0x00000007ab89b918,0x00000007abb00000)
  from space 2560K, 0% used [0x00000007abd80000,0x00000007abd80000,0x00000007ac000000)
  to   space 2560K, 0% used [0x00000007abb00000,0x00000007abb00000,0x00000007abd80000)
 ParOldGen       total 44032K, used 0K [0x0000000780000000, 0x0000000782b00000, 0x00000007aab00000)
  object space 44032K, 0% used [0x0000000780000000,0x0000000780000000,0x0000000782b00000)
 Metaspace       used 13903K, capacity 14322K, committed 14592K, reserved 1062912K
  class space    used 1848K, capacity 2003K, committed 2048K, reserved 1048576K

Card table byte_map: [0x000000010c9c0000,0x000000010cbc1000] byte_map_base: 0x0000000108dc0000

Marking Bits: (ParMarkBitMap*) 0x000000010b5f8ea0
 Begin Bits: [0x000000010cd17000, 0x000000010dd17000)
 End Bits:   [0x000000010dd17000, 0x000000010ed17000)

Polling page: 0x000000010bced000

CodeCache: size=245760Kb used=2887Kb max_used=2887Kb free=242872Kb
 bounds [0x0000000111f1c000, 0x00000001121fc000, 0x0000000120f1c000]
 total_blobs=1344 nmethods=757 adapters=499
 compilation: enabled

Compilation events (10 events):
Event: 8.724 Thread 0x00007f923903d000  748       3       jdk.internal.org.objectweb.asm.MethodWriter::visitFieldInsn (248 bytes)
Event: 8.724 Thread 0x00007f923885d800  750       4       java.lang.String::replace (127 bytes)
Event: 8.725 Thread 0x00007f923903d000 nmethod 748 0x00000001121e7790 code [0x00000001121e7980, 0x00000001121e8278]
Event: 8.725 Thread 0x00007f923903d000  751       3       java.nio.Buffer::limit (62 bytes)
Event: 8.726 Thread 0x00007f923903d000 nmethod 751 0x00000001121e8690 code [0x00000001121e8800, 0x00000001121e8b08]
Event: 8.726 Thread 0x00007f923903d000  749       3       jdk.internal.org.objectweb.asm.ClassWriter::newFieldItem (77 bytes)
Event: 8.727 Thread 0x00007f923903d000 nmethod 749 0x00000001121e8bd0 code [0x00000001121e8dc0, 0x00000001121e93d8]
Event: 8.729 Thread 0x00007f923903d000  752       3       java.nio.ByteBuffer::arrayOffset (35 bytes)
Event: 8.729 Thread 0x00007f923903d000 nmethod 752 0x00000001121e97d0 code [0x00000001121e9960, 0x00000001121e9c78]
Event: 8.731 Thread 0x00007f923903e800  755       4       sun.java2d.pipe.RenderBuffer::putInt (26 bytes)

GC Heap History (0 events):
No events

Deoptimization events (4 events):
Event: 0.699 Thread 0x00007f9239236800 Uncommon trap: reason=unstable_if action=reinterpret pc=0x00000001120be17c method=java.lang.String.replace(CC)Ljava/lang/String; @ 2
Event: 0.921 Thread 0x00007f9239236800 Uncommon trap: reason=unstable_if action=reinterpret pc=0x00000001120d3de0 method=java.lang.String.startsWith(Ljava/lang/String;I)Z @ 25
Event: 8.731 Thread 0x00007f9238936000 Uncommon trap: reason=class_check action=maybe_recompile pc=0x000000011203745c method=java.lang.String.equals(Ljava/lang/Object;)Z @ 8
Event: 8.731 Thread 0x00007f9238936000 Uncommon trap: reason=class_check action=maybe_recompile pc=0x000000011203745c method=java.lang.String.equals(Ljava/lang/Object;)Z @ 8

Internal exceptions (10 events):
Event: 0.209 Thread 0x00007f923900c800 Exception <a 'java/security/PrivilegedActionException'> (0x00000007aad67da8) thrown at [/Users/java_re/workspace/8-2-build-macosx-x86_64/jdk8u131/8869/hotspot/src/share/vm/prims/jvm.cpp, line 1390]
Event: 0.209 Thread 0x00007f923900c800 Exception <a 'java/lang/NullPointerException'> (0x00000007aad68598) thrown at [/Users/java_re/workspace/8-2-build-macosx-x86_64/jdk8u131/8869/hotspot/src/share/vm/interpreter/linkResolver.cpp, line 1197]
Event: 0.758 Thread 0x00007f9239236800 Exception <a 'java/io/FileNotFoundException'> (0x00000007ab3e1210) thrown at [/Users/java_re/workspace/8-2-build-macosx-x86_64/jdk8u131/8869/hotspot/src/share/vm/prims/jni.cpp, line 709]
Event: 0.758 Thread 0x00007f9239236800 Exception <a 'java/io/FileNotFoundException'> (0x00000007ab3e1d78) thrown at [/Users/java_re/workspace/8-2-build-macosx-x86_64/jdk8u131/8869/hotspot/src/share/vm/prims/jni.cpp, line 709]
Event: 4.303 Thread 0x00007f9239236800 Exception <a 'java/io/FileNotFoundException'> (0x00000007ab81c5f8) thrown at [/Users/java_re/workspace/8-2-build-macosx-x86_64/jdk8u131/8869/hotspot/src/share/vm/prims/jni.cpp, line 709]
Event: 5.304 Thread 0x00007f9239236800 Exception <a 'java/io/FileNotFoundException'> (0x00000007ab81d0e8) thrown at [/Users/java_re/workspace/8-2-build-macosx-x86_64/jdk8u131/8869/hotspot/src/share/vm/prims/jni.cpp, line 709]
Event: 6.305 Thread 0x00007f9239236800 Exception <a 'java/io/FileNotFoundException'> (0x00000007ab81dbd8) thrown at [/Users/java_re/workspace/8-2-build-macosx-x86_64/jdk8u131/8869/hotspot/src/share/vm/prims/jni.cpp, line 709]
Event: 7.307 Thread 0x00007f9239236800 Exception <a 'java/io/FileNotFoundException'> (0x00000007ab81e6c8) thrown at [/Users/java_re/workspace/8-2-build-macosx-x86_64/jdk8u131/8869/hotspot/src/share/vm/prims/jni.cpp, line 709]
Event: 8.308 Thread 0x00007f9239236800 Exception <a 'java/io/FileNotFoundException'> (0x00000007ab81f1b8) thrown at [/Users/java_re/workspace/8-2-build-macosx-x86_64/jdk8u131/8869/hotspot/src/share/vm/prims/jni.cpp, line 709]
Event: 8.724 Thread 0x00007f923900c800 Exception <a 'java/lang/reflect/InvocationTargetException'> (0x00000007ab2102d0) thrown at [/Users/java_re/workspace/8-2-build-macosx-x86_64/jdk8u131/8869/hotspot/src/share/vm/runtime/reflection.cpp, line 1092]

Events (10 events):
Event: 8.732 loading class java/util/Locale$1
Event: 8.732 loading class java/util/Locale$1 done
Event: 8.732 loading class java/text/DecimalFormatSymbols
Event: 8.733 loading class java/text/DecimalFormatSymbols done
Event: 8.733 loading class java/text/spi/DecimalFormatSymbolsProvider
Event: 8.733 loading class java/util/spi/LocaleServiceProvider
Event: 8.734 loading class java/util/spi/LocaleServiceProvider done
Event: 8.734 loading class java/text/spi/DecimalFormatSymbolsProvider done
Event: 8.734 loading class sun/util/locale/provider/LocaleProviderAdapter
Event: 8.734 loading class sun/util/locale/provider/LocaleProviderAdapter done


Dynamic libraries:
0x000000005faf2000 	/System/Library/Frameworks/Cocoa.framework/Versions/A/Cocoa
0x000000005faf2000 	/System/Library/Frameworks/Security.framework/Versions/A/Security
0x000000005faf2000 	/System/Library/Frameworks/ApplicationServices.framework/Versions/A/ApplicationServices
0x000000005faf2000 	/usr/lib/libz.1.dylib
0x000000005faf2000 	/usr/lib/libSystem.B.dylib
0x000000005faf2000 	/usr/lib/libobjc.A.dylib
0x000000005faf2000 	/System/Library/Frameworks/CoreFoundation.framework/Versions/A/CoreFoundation
0x000000005faf2000 	/System/Library/Frameworks/Foundation.framework/Versions/C/Foundation
0x000000005faf2000 	/System/Library/Frameworks/AppKit.framework/Versions/C/AppKit
0x000000005faf2000 	/System/Library/Frameworks/CoreData.framework/Versions/A/CoreData
0x000000005faf2000 	/System/Library/PrivateFrameworks/RemoteViewServices.framework/Versions/A/RemoteViewServices
0x000000005faf2000 	/System/Library/PrivateFrameworks/UIFoundation.framework/Versions/A/UIFoundation
0x000000005faf2000 	/System/Library/PrivateFrameworks/DFRFoundation.framework/Versions/A/DFRFoundation
0x000000005faf2000 	/usr/lib/libenergytrace.dylib
0x000000005faf2000 	/System/Library/PrivateFrameworks/SkyLight.framework/Versions/A/SkyLight
0x000000005faf2000 	/System/Library/Frameworks/CoreGraphics.framework/Versions/A/CoreGraphics
0x000000005faf2000 	/usr/lib/libScreenReader.dylib
0x000000005faf2000 	/System/Library/Frameworks/Accelerate.framework/Versions/A/Accelerate
0x000000005faf2000 	/System/Library/Frameworks/IOSurface.framework/Versions/A/IOSurface
0x000000005faf2000 	/System/Library/Frameworks/AudioToolbox.framework/Versions/A/AudioToolbox
0x000000005faf2000 	/System/Library/Frameworks/AudioUnit.framework/Versions/A/AudioUnit
0x000000005faf2000 	/System/Library/PrivateFrameworks/DataDetectorsCore.framework/Versions/A/DataDetectorsCore
0x000000005faf2000 	/System/Library/PrivateFrameworks/DesktopServicesPriv.framework/Versions/A/DesktopServicesPriv
0x000000005faf2000 	/System/Library/Frameworks/Carbon.framework/Versions/A/Frameworks/HIToolbox.framework/Versions/A/HIToolbox
0x000000005faf2000 	/usr/lib/libicucore.A.dylib
0x000000005faf2000 	/System/Library/Frameworks/QuartzCore.framework/Versions/A/QuartzCore
0x000000005faf2000 	/System/Library/Frameworks/Carbon.framework/Versions/A/Frameworks/SpeechRecognition.framework/Versions/A/SpeechRecognition
0x000000005faf2000 	/usr/lib/libauto.dylib
0x000000005faf2000 	/usr/lib/libxml2.2.dylib
0x000000005faf2000 	/System/Library/PrivateFrameworks/CoreUI.framework/Versions/A/CoreUI
0x000000005faf2000 	/System/Library/Frameworks/CoreAudio.framework/Versions/A/CoreAudio
0x000000005faf2000 	/System/Library/Frameworks/DiskArbitration.framework/Versions/A/DiskArbitration
0x000000005faf2000 	/usr/lib/liblangid.dylib
0x000000005faf2000 	/System/Library/PrivateFrameworks/MultitouchSupport.framework/Versions/A/MultitouchSupport
0x000000005faf2000 	/System/Library/Frameworks/IOKit.framework/Versions/A/IOKit
0x000000005faf2000 	/usr/lib/libDiagnosticMessagesClient.dylib
0x000000005faf2000 	/System/Library/Frameworks/CoreServices.framework/Versions/A/CoreServices
0x000000005faf2000 	/System/Library/PrivateFrameworks/PerformanceAnalysis.framework/Versions/A/PerformanceAnalysis
0x000000005faf2000 	/System/Library/PrivateFrameworks/GenerationalStorage.framework/Versions/A/GenerationalStorage
0x000000005faf2000 	/System/Library/Frameworks/OpenGL.framework/Versions/A/OpenGL
0x000000005faf2000 	/System/Library/Frameworks/CoreImage.framework/Versions/A/CoreImage
0x000000005faf2000 	/System/Library/Frameworks/CoreText.framework/Versions/A/CoreText
0x000000005faf2000 	/System/Library/Frameworks/ImageIO.framework/Versions/A/ImageIO
0x000000005faf2000 	/System/Library/PrivateFrameworks/Backup.framework/Versions/A/Backup
0x000000005faf2000 	/usr/lib/libarchive.2.dylib
0x000000005faf2000 	/System/Library/Frameworks/CFNetwork.framework/Versions/A/CFNetwork
0x000000005faf2000 	/System/Library/Frameworks/SystemConfiguration.framework/Versions/A/SystemConfiguration
0x000000005faf2000 	/usr/lib/libCRFSuite.dylib
0x000000005faf2000 	/usr/lib/libc++.1.dylib
0x000000005faf2000 	/usr/lib/libc++abi.dylib
0x000000005faf2000 	/usr/lib/system/libcache.dylib
0x000000005faf2000 	/usr/lib/system/libcommonCrypto.dylib
0x000000005faf2000 	/usr/lib/system/libcompiler_rt.dylib
0x000000005faf2000 	/usr/lib/system/libcopyfile.dylib
0x000000005faf2000 	/usr/lib/system/libcorecrypto.dylib
0x000000005faf2000 	/usr/lib/system/libdispatch.dylib
0x000000005faf2000 	/usr/lib/system/libdyld.dylib
0x000000005faf2000 	/usr/lib/system/libkeymgr.dylib
0x000000005faf2000 	/usr/lib/system/liblaunch.dylib
0x000000005faf2000 	/usr/lib/system/libmacho.dylib
0x000000005faf2000 	/usr/lib/system/libquarantine.dylib
0x000000005faf2000 	/usr/lib/system/libremovefile.dylib
0x000000005faf2000 	/usr/lib/system/libsystem_asl.dylib
0x000000005faf2000 	/usr/lib/system/libsystem_blocks.dylib
0x000000005faf2000 	/usr/lib/system/libsystem_c.dylib
0x000000005faf2000 	/usr/lib/system/libsystem_configuration.dylib
0x000000005faf2000 	/usr/lib/system/libsystem_coreservices.dylib
0x000000005faf2000 	/usr/lib/system/libsystem_coretls.dylib
0x000000005faf2000 	/usr/lib/system/libsystem_dnssd.dylib
0x000000005faf2000 	/usr/lib/system/libsystem_info.dylib
0x000000005faf2000 	/usr/lib/system/libsystem_kernel.dylib
0x000000005faf2000 	/usr/lib/system/libsystem_m.dylib
0x000000005faf2000 	/usr/lib/system/libsystem_malloc.dylib
0x000000005faf2000 	/usr/lib/system/libsystem_network.dylib
0x000000005faf2000 	/usr/lib/system/libsystem_networkextension.dylib
0x000000005faf2000 	/usr/lib/system/libsystem_notify.dylib
0x000000005faf2000 	/usr/lib/system/libsystem_platform.dylib
0x000000005faf2000 	/usr/lib/system/libsystem_pthread.dylib
0x000000005faf2000 	/usr/lib/system/libsystem_sandbox.dylib
0x000000005faf2000 	/usr/lib/system/libsystem_secinit.dylib
0x000000005faf2000 	/usr/lib/system/libsystem_symptoms.dylib
0x000000005faf2000 	/usr/lib/system/libsystem_trace.dylib
0x000000005faf2000 	/usr/lib/system/libunwind.dylib
0x000000005faf2000 	/usr/lib/system/libxpc.dylib
0x000000005faf2000 	/usr/lib/libbsm.0.dylib
0x000000005faf2000 	/usr/lib/system/libkxld.dylib
0x000000005faf2000 	/usr/lib/libcoretls.dylib
0x000000005faf2000 	/usr/lib/libcoretls_cfhelpers.dylib
0x000000005faf2000 	/usr/lib/libOpenScriptingUtil.dylib
0x000000005faf2000 	/usr/lib/libpam.2.dylib
0x000000005faf2000 	/usr/lib/libsqlite3.dylib
0x000000005faf2000 	/usr/lib/libxar.1.dylib
0x000000005faf2000 	/usr/lib/libbz2.1.0.dylib
0x000000005faf2000 	/usr/lib/liblzma.5.dylib
0x000000005faf2000 	/usr/lib/libnetwork.dylib
0x000000005faf2000 	/usr/lib/libpcap.A.dylib
0x000000005faf2000 	/System/Library/Frameworks/CoreServices.framework/Versions/A/Frameworks/FSEvents.framework/Versions/A/FSEvents
0x000000005faf2000 	/System/Library/Frameworks/CoreServices.framework/Versions/A/Frameworks/CarbonCore.framework/Versions/A/CarbonCore
0x000000005faf2000 	/System/Library/Frameworks/CoreServices.framework/Versions/A/Frameworks/Metadata.framework/Versions/A/Metadata
0x000000005faf2000 	/System/Library/Frameworks/CoreServices.framework/Versions/A/Frameworks/OSServices.framework/Versions/A/OSServices
0x000000005faf2000 	/System/Library/Frameworks/CoreServices.framework/Versions/A/Frameworks/SearchKit.framework/Versions/A/SearchKit
0x000000005faf2000 	/System/Library/Frameworks/CoreServices.framework/Versions/A/Frameworks/AE.framework/Versions/A/AE
0x000000005faf2000 	/System/Library/Frameworks/CoreServices.framework/Versions/A/Frameworks/LaunchServices.framework/Versions/A/LaunchServices
0x000000005faf2000 	/System/Library/Frameworks/CoreServices.framework/Versions/A/Frameworks/DictionaryServices.framework/Versions/A/DictionaryServices
0x000000005faf2000 	/System/Library/Frameworks/CoreServices.framework/Versions/A/Frameworks/SharedFileList.framework/Versions/A/SharedFileList
0x000000005faf2000 	/System/Library/Frameworks/NetFS.framework/Versions/A/NetFS
0x000000005faf2000 	/System/Library/PrivateFrameworks/NetAuth.framework/Versions/A/NetAuth
0x000000005faf2000 	/System/Library/PrivateFrameworks/login.framework/Versions/A/Frameworks/loginsupport.framework/Versions/A/loginsupport
0x000000005faf2000 	/System/Library/PrivateFrameworks/TCC.framework/Versions/A/TCC
0x000000005faf2000 	/usr/lib/libmecabra.dylib
0x000000005faf2000 	/System/Library/Frameworks/ApplicationServices.framework/Versions/A/Frameworks/ATS.framework/Versions/A/ATS
0x000000005faf2000 	/System/Library/Frameworks/ApplicationServices.framework/Versions/A/Frameworks/ColorSync.framework/Versions/A/ColorSync
0x000000005faf2000 	/System/Library/Frameworks/ApplicationServices.framework/Versions/A/Frameworks/HIServices.framework/Versions/A/HIServices
0x000000005faf2000 	/System/Library/Frameworks/ApplicationServices.framework/Versions/A/Frameworks/LangAnalysis.framework/Versions/A/LangAnalysis
0x000000005faf2000 	/System/Library/Frameworks/ApplicationServices.framework/Versions/A/Frameworks/PrintCore.framework/Versions/A/PrintCore
0x000000005faf2000 	/System/Library/Frameworks/ApplicationServices.framework/Versions/A/Frameworks/QD.framework/Versions/A/QD
0x000000005faf2000 	/System/Library/Frameworks/ApplicationServices.framework/Versions/A/Frameworks/SpeechSynthesis.framework/Versions/A/SpeechSynthesis
0x000000005faf2000 	/System/Library/Frameworks/Accelerate.framework/Versions/A/Frameworks/vImage.framework/Versions/A/vImage
0x000000005faf2000 	/System/Library/Frameworks/Accelerate.framework/Versions/A/Frameworks/vecLib.framework/Versions/A/vecLib
0x000000005faf2000 	/System/Library/Frameworks/Accelerate.framework/Versions/A/Frameworks/vecLib.framework/Versions/A/libvDSP.dylib
0x000000005faf2000 	/System/Library/Frameworks/Accelerate.framework/Versions/A/Frameworks/vecLib.framework/Versions/A/libBNNS.dylib
0x000000005faf2000 	/System/Library/Frameworks/Accelerate.framework/Versions/A/Frameworks/vecLib.framework/Versions/A/libQuadrature.dylib
0x000000005faf2000 	/System/Library/Frameworks/Accelerate.framework/Versions/A/Frameworks/vecLib.framework/Versions/A/libvMisc.dylib
0x000000005faf2000 	/System/Library/Frameworks/Accelerate.framework/Versions/A/Frameworks/vecLib.framework/Versions/A/libLAPACK.dylib
0x000000005faf2000 	/System/Library/Frameworks/Accelerate.framework/Versions/A/Frameworks/vecLib.framework/Versions/A/libBLAS.dylib
0x000000005faf2000 	/System/Library/Frameworks/Accelerate.framework/Versions/A/Frameworks/vecLib.framework/Versions/A/libLinearAlgebra.dylib
0x000000005faf2000 	/System/Library/Frameworks/Accelerate.framework/Versions/A/Frameworks/vecLib.framework/Versions/A/libSparseBLAS.dylib
0x000000005faf2000 	/System/Library/Frameworks/ApplicationServices.framework/Versions/A/Frameworks/ATS.framework/Versions/A/Resources/libFontParser.dylib
0x000000005faf2000 	/System/Library/Frameworks/ApplicationServices.framework/Versions/A/Frameworks/ATS.framework/Versions/A/Resources/libFontRegistry.dylib
0x000000005faf2000 	/System/Library/Frameworks/ImageIO.framework/Versions/A/Resources/libJPEG.dylib
0x000000005faf2000 	/System/Library/Frameworks/ImageIO.framework/Versions/A/Resources/libTIFF.dylib
0x000000005faf2000 	/System/Library/Frameworks/ImageIO.framework/Versions/A/Resources/libPng.dylib
0x000000005faf2000 	/System/Library/Frameworks/ImageIO.framework/Versions/A/Resources/libGIF.dylib
0x000000005faf2000 	/System/Library/Frameworks/ImageIO.framework/Versions/A/Resources/libJP2.dylib
0x000000005faf2000 	/System/Library/Frameworks/ImageIO.framework/Versions/A/Resources/libRadiance.dylib
0x000000005faf2000 	/usr/lib/libcompression.dylib
0x000000005faf2000 	/System/Library/PrivateFrameworks/AppleJPEG.framework/Versions/A/AppleJPEG
0x000000005faf2000 	/usr/lib/libcups.2.dylib
0x000000005faf2000 	/System/Library/Frameworks/Kerberos.framework/Versions/A/Kerberos
0x000000005faf2000 	/System/Library/Frameworks/GSS.framework/Versions/A/GSS
0x000000005faf2000 	/usr/lib/libresolv.9.dylib
0x000000005faf2000 	/usr/lib/libiconv.2.dylib
0x000000005faf2000 	/System/Library/PrivateFrameworks/Heimdal.framework/Versions/A/Heimdal
0x000000005faf2000 	/usr/lib/libheimdal-asn1.dylib
0x000000005faf2000 	/System/Library/Frameworks/OpenDirectory.framework/Versions/A/OpenDirectory
0x000000005faf2000 	/System/Library/PrivateFrameworks/CommonAuth.framework/Versions/A/CommonAuth
0x000000005faf2000 	/System/Library/Frameworks/OpenDirectory.framework/Versions/A/Frameworks/CFOpenDirectory.framework/Versions/A/CFOpenDirectory
0x000000005faf2000 	/System/Library/Frameworks/SecurityFoundation.framework/Versions/A/SecurityFoundation
0x000000005faf2000 	/System/Library/PrivateFrameworks/LanguageModeling.framework/Versions/A/LanguageModeling
0x000000005faf2000 	/usr/lib/libmarisa.dylib
0x000000005faf2000 	/usr/lib/libChineseTokenizer.dylib
0x000000005faf2000 	/usr/lib/libcmph.dylib
0x000000005faf2000 	/System/Library/PrivateFrameworks/CoreEmoji.framework/Versions/A/CoreEmoji
0x000000005faf2000 	/System/Library/Frameworks/ServiceManagement.framework/Versions/A/ServiceManagement
0x000000005faf2000 	/usr/lib/libxslt.1.dylib
0x000000005faf2000 	/System/Library/Frameworks/Carbon.framework/Versions/A/Frameworks/Ink.framework/Versions/A/Ink
0x000000005faf2000 	/System/Library/PrivateFrameworks/TextureIO.framework/Versions/A/TextureIO
0x000000005faf2000 	/System/Library/Frameworks/Metal.framework/Versions/A/Metal
0x000000005faf2000 	/usr/lib/libate.dylib
0x000000005faf2000 	/System/Library/PrivateFrameworks/GPUCompiler.framework/libmetal_timestamp.dylib
0x000000005faf2000 	/System/Library/Frameworks/OpenGL.framework/Versions/A/Libraries/libCoreFSCache.dylib
0x000000005faf2000 	/System/Library/PrivateFrameworks/IOAccelerator.framework/Versions/A/IOAccelerator
0x000000005faf2000 	/System/Library/Frameworks/CoreVideo.framework/Versions/A/CoreVideo
0x000000005faf2000 	/usr/lib/libFosl_dynamic.dylib
0x000000005faf2000 	/System/Library/PrivateFrameworks/MetalPerformanceShaders.framework/Versions/A/MetalPerformanceShaders
0x000000005faf2000 	/System/Library/PrivateFrameworks/FaceCore.framework/Versions/A/FaceCore
0x000000005faf2000 	/System/Library/Frameworks/OpenCL.framework/Versions/A/OpenCL
0x000000005faf2000 	/System/Library/Frameworks/OpenGL.framework/Versions/A/Libraries/libGLU.dylib
0x000000005faf2000 	/System/Library/Frameworks/OpenGL.framework/Versions/A/Libraries/libGFXShared.dylib
0x000000005faf2000 	/System/Library/Frameworks/OpenGL.framework/Versions/A/Libraries/libGL.dylib
0x000000005faf2000 	/System/Library/Frameworks/OpenGL.framework/Versions/A/Libraries/libGLImage.dylib
0x000000005faf2000 	/System/Library/Frameworks/OpenGL.framework/Versions/A/Libraries/libCVMSPluginSupport.dylib
0x000000005faf2000 	/System/Library/Frameworks/OpenGL.framework/Versions/A/Libraries/libCoreVMClient.dylib
0x000000005faf2000 	/System/Library/PrivateFrameworks/CrashReporterSupport.framework/Versions/A/CrashReporterSupport
0x000000005faf2000 	/System/Library/PrivateFrameworks/Sharing.framework/Versions/A/Sharing
0x000000005faf2000 	/System/Library/PrivateFrameworks/IconServices.framework/Versions/A/IconServices
0x000000005faf2000 	/System/Library/PrivateFrameworks/ProtocolBuffer.framework/Versions/A/ProtocolBuffer
0x000000005faf2000 	/System/Library/PrivateFrameworks/Apple80211.framework/Versions/A/Apple80211
0x000000005faf2000 	/System/Library/Frameworks/CoreWLAN.framework/Versions/A/CoreWLAN
0x000000005faf2000 	/System/Library/PrivateFrameworks/CoreUtils.framework/Versions/A/CoreUtils
0x000000005faf2000 	/System/Library/Frameworks/IOBluetooth.framework/Versions/A/IOBluetooth
0x000000005faf2000 	/System/Library/PrivateFrameworks/CoreWiFi.framework/Versions/A/CoreWiFi
0x000000005faf2000 	/System/Library/Frameworks/CoreBluetooth.framework/Versions/A/CoreBluetooth
0x000000005faf2000 	/System/Library/Frameworks/CoreDisplay.framework/Versions/A/CoreDisplay
0x000000005faf2000 	/System/Library/PrivateFrameworks/IOPresentment.framework/Versions/A/IOPresentment
0x000000005faf2000 	/System/Library/PrivateFrameworks/DSExternalDisplay.framework/Versions/A/DSExternalDisplay
0x000000005faf2000 	/System/Library/PrivateFrameworks/DebugSymbols.framework/Versions/A/DebugSymbols
0x000000005faf2000 	/System/Library/PrivateFrameworks/CoreSymbolication.framework/Versions/A/CoreSymbolication
0x000000005faf2000 	/System/Library/PrivateFrameworks/Symbolication.framework/Versions/A/Symbolication
0x000000005faf2000 	/System/Library/PrivateFrameworks/AppleFSCompression.framework/Versions/A/AppleFSCompression
0x000000005faf2000 	/System/Library/PrivateFrameworks/SpeechRecognitionCore.framework/Versions/A/SpeechRecognitionCore
0x000000005faf2000 	/System/Library/PrivateFrameworks/ChunkingLibrary.framework/Versions/A/ChunkingLibrary
0x000000010ad07000 	/Library/Java/JavaVirtualMachines/jdk1.8.0_131.jdk/Contents/Home/jre/lib/server/libjvm.dylib
0x000000005faf2000 	/usr/lib/libstdc++.6.dylib
0x000000010bcaa000 	/Library/Java/JavaVirtualMachines/jdk1.8.0_131.jdk/Contents/Home/jre/lib/libverify.dylib
0x000000010bcb8000 	/Library/Java/JavaVirtualMachines/jdk1.8.0_131.jdk/Contents/Home/jre/lib/libjava.dylib
0x000000010bcf7000 	/Library/Java/JavaVirtualMachines/jdk1.8.0_131.jdk/Contents/Home/jre/lib/libzip.dylib
0x0000000110912000 	/System/Library/Frameworks/JavaVM.framework/Frameworks/JavaRuntimeSupport.framework/JavaRuntimeSupport
0x000000010bde9000 	/System/Library/Frameworks/JavaVM.framework/Versions/A/Frameworks/JavaNativeFoundation.framework/Versions/A/JavaNativeFoundation
0x000000011092c000 	/System/Library/Frameworks/JavaVM.framework/Versions/A/JavaVM
0x000000005faf2000 	/System/Library/Frameworks/Carbon.framework/Versions/A/Carbon
0x0000000110939000 	/System/Library/PrivateFrameworks/JavaLaunching.framework/Versions/A/JavaLaunching
0x000000005faf2000 	/System/Library/Frameworks/Carbon.framework/Versions/A/Frameworks/CommonPanels.framework/Versions/A/CommonPanels
0x000000005faf2000 	/System/Library/Frameworks/Carbon.framework/Versions/A/Frameworks/Help.framework/Versions/A/Help
0x000000005faf2000 	/System/Library/Frameworks/Carbon.framework/Versions/A/Frameworks/ImageCapture.framework/Versions/A/ImageCapture
0x000000005faf2000 	/System/Library/Frameworks/Carbon.framework/Versions/A/Frameworks/OpenScripting.framework/Versions/A/OpenScripting
0x000000005faf2000 	/System/Library/Frameworks/Carbon.framework/Versions/A/Frameworks/Print.framework/Versions/A/Print
0x000000005faf2000 	/System/Library/Frameworks/Carbon.framework/Versions/A/Frameworks/SecurityHI.framework/Versions/A/SecurityHI
0x0000000110a24000 	/Library/Java/JavaVirtualMachines/jdk1.8.0_131.jdk/Contents/Home/jre/lib/libprism_es2.dylib
0x000000005faf2000 	/System/Library/Frameworks/OpenGL.framework/Versions/A/Resources/GLEngine.bundle/GLEngine
0x000000005faf2000 	/System/Library/Frameworks/OpenGL.framework/Versions/A/Libraries/libGLProgrammability.dylib
0x0000000110a8a000 	/System/Library/Extensions/AppleIntelHD3000GraphicsGLDriver.bundle/Contents/MacOS/AppleIntelHD3000GraphicsGLDriver
0x000000005faf2000 	/System/Library/PrivateFrameworks/GPUSupport.framework/Versions/A/Libraries/libGPUSupport.dylib
0x000000005faf2000 	/System/Library/Frameworks/OpenGL.framework/Versions/A/Resources/GLRendererFloat.bundle/GLRendererFloat
0x000000005faf2000 	/System/Library/Frameworks/OpenCL.framework/Versions/A/Libraries/libcldcpuengine.dylib
0x000000005faf2000 	/usr/lib/libcrypto.0.9.8.dylib
0x000000005faf2000 	/System/Library/PrivateFrameworks/TrustEvaluationAgent.framework/Versions/A/TrustEvaluationAgent
0x0000000111127000 	/Library/Java/JavaVirtualMachines/jdk1.8.0_131.jdk/Contents/Home/jre/lib/libglass.dylib
0x000000005faf2000 	/System/Library/PrivateFrameworks/CoreServicesInternal.framework/Versions/A/CoreServicesInternal
0x000000005faf2000 	/System/Library/CoreServices/RawCamera.bundle/Contents/MacOS/RawCamera
0x000000005faf2000 	/System/Library/Frameworks/Accelerate.framework/Versions/A/Frameworks/vImage.framework/Versions/A/Libraries/libCGInterfaces.dylib
0x000000005faf2000 	/System/Library/PrivateFrameworks/FamilyControls.framework/Versions/A/FamilyControls
0x000000005faf2000 	/System/Library/PrivateFrameworks/CommerceKit.framework/Versions/A/Frameworks/CommerceCore.framework/Versions/A/CommerceCore
0x000000005faf2000 	/System/Library/PrivateFrameworks/SystemAdministration.framework/Versions/A/SystemAdministration
0x000000005faf2000 	/System/Library/PrivateFrameworks/AppContainer.framework/Versions/A/AppContainer
0x000000005faf2000 	/System/Library/PrivateFrameworks/SecCodeWrapper.framework/Versions/A/SecCodeWrapper
0x000000005faf2000 	/System/Library/Frameworks/DirectoryService.framework/Versions/A/DirectoryService
0x000000005faf2000 	/System/Library/PrivateFrameworks/DiskImages.framework/Versions/A/DiskImages
0x000000005faf2000 	/System/Library/PrivateFrameworks/LoginUIKit.framework/Versions/A/Frameworks/LoginUICore.framework/Versions/A/LoginUICore
0x000000005faf2000 	/usr/lib/libCoreStorage.dylib
0x000000005faf2000 	/usr/lib/libcsfde.dylib
0x000000005faf2000 	/usr/lib/libodfde.dylib
0x000000005faf2000 	/System/Library/Frameworks/DiscRecording.framework/Versions/A/DiscRecording
0x000000005faf2000 	/usr/lib/libcurl.4.dylib
0x000000005faf2000 	/System/Library/PrivateFrameworks/MediaKit.framework/Versions/A/MediaKit
0x000000005faf2000 	/System/Library/PrivateFrameworks/ProtectedCloudStorage.framework/Versions/A/ProtectedCloudStorage
0x000000005faf2000 	/System/Library/PrivateFrameworks/EFILogin.framework/Versions/A/EFILogin
0x000000005faf2000 	/usr/lib/libutil.dylib
0x000000005faf2000 	/System/Library/Frameworks/LDAP.framework/Versions/A/LDAP
0x000000005faf2000 	/usr/lib/libsasl2.2.dylib
0x000000005faf2000 	/System/Library/PrivateFrameworks/CoreDaemon.framework/Versions/B/CoreDaemon
0x000000005faf2000 	/System/Library/PrivateFrameworks/AppleSRP.framework/Versions/A/AppleSRP
0x000000005faf2000 	/System/Library/PrivateFrameworks/APFS.framework/Versions/A/APFS
0x00000001241d5000 	/Library/Java/JavaVirtualMachines/jdk1.8.0_131.jdk/Contents/Home/jre/lib/libawt.dylib
0x000000012427d000 	/Library/Java/JavaVirtualMachines/jdk1.8.0_131.jdk/Contents/Home/jre/lib/./libmlib_image.dylib
0x0000000124349000 	/Library/Java/JavaVirtualMachines/jdk1.8.0_131.jdk/Contents/Home/jre/lib/libawt_lwawt.dylib
0x0000000124400000 	/Library/Java/JavaVirtualMachines/jdk1.8.0_131.jdk/Contents/Home/jre/lib/./libosxapp.dylib
0x000000005faf2000 	/System/Library/Frameworks/ExceptionHandling.framework/Versions/A/ExceptionHandling
0x00000001247e6000 	/Library/Java/JavaVirtualMachines/jdk1.8.0_131.jdk/Contents/Home/jre/lib/libfontmanager.dylib
0x0000000111e80000 	/Library/Java/JavaVirtualMachines/jdk1.8.0_131.jdk/Contents/Home/jre/lib/libosxui.dylib
0x0000000125a66000 	/Library/Java/JavaVirtualMachines/jdk1.8.0_131.jdk/Contents/Home/jre/lib/libnet.dylib
0x0000000125d6d000 	/Library/Java/JavaVirtualMachines/jdk1.8.0_131.jdk/Contents/Home/jre/lib/libnio.dylib
0x000000005faf2000 	/System/Library/Frameworks/ApplicationServices.framework/Versions/A/Frameworks/ATS.framework/Versions/A/Resources/libTrueTypeScaler.dylib
0x000000018ece2000 	/Library/Java/JavaVirtualMachines/jdk1.8.0_131.jdk/Contents/Home/jre/lib/libglib-lite.dylib
0x000000018ee6c000 	/Library/Java/JavaVirtualMachines/jdk1.8.0_131.jdk/Contents/Home/jre/lib/libgstreamer-lite.dylib
0x000000018efe4000 	/Library/Java/JavaVirtualMachines/jdk1.8.0_131.jdk/Contents/Home/jre/lib/libjfxmedia.dylib
0x000000018f01f000 	/Library/Java/JavaVirtualMachines/jdk1.8.0_131.jdk/Contents/Home/jre/lib/libjfxmedia_avf.dylib
0x000000005faf2000 	/System/Library/Frameworks/AVFoundation.framework/Versions/A/AVFoundation
0x000000005faf2000 	/System/Library/Frameworks/CoreMedia.framework/Versions/A/CoreMedia
0x000000005faf2000 	/System/Library/Frameworks/MediaToolbox.framework/Versions/A/MediaToolbox
0x000000005faf2000 	/System/Library/Frameworks/AVFoundation.framework/Versions/A/Frameworks/AVFAudio.framework/Versions/A/AVFAudio
0x000000005faf2000 	/System/Library/Frameworks/VideoToolbox.framework/Versions/A/VideoToolbox
0x000000005faf2000 	/System/Library/PrivateFrameworks/IntlPreferences.framework/Versions/A/IntlPreferences
0x000000005faf2000 	/System/Library/Frameworks/CoreMediaIO.framework/Versions/A/CoreMediaIO
0x000000005faf2000 	/usr/lib/libspindump.dylib
0x000000005faf2000 	/usr/lib/libdscsym.dylib
0x000000005faf2000 	/System/Library/PrivateFrameworks/CoreAVCHD.framework/Versions/A/CoreAVCHD
0x000000005faf2000 	/System/Library/Frameworks/MediaAccessibility.framework/Versions/A/MediaAccessibility
0x000000005faf2000 	/System/Library/PrivateFrameworks/Mangrove.framework/Versions/A/Mangrove
0x000000005faf2000 	/System/Library/PrivateFrameworks/CoreAUC.framework/Versions/A/CoreAUC
0x000000005faf2000 	/System/Library/PrivateFrameworks/AppleVA.framework/Versions/A/AppleVA
0x000000005faf2000 	/System/Library/PrivateFrameworks/XPCService.framework/Versions/A/XPCService
0x000000005faf2000 	/System/Library/PrivateFrameworks/AppSandbox.framework/Versions/A/AppSandbox
0x000000005faf2000 	/usr/lib/libsandbox.1.dylib
0x000000005faf2000 	/usr/lib/libMatch.1.dylib
0x000000018f054000 	/Library/Java/JavaVirtualMachines/jdk1.8.0_131.jdk/Contents/Home/jre/lib/libjfxmedia_qtkit.dylib
0x000000005faf2000 	/System/Library/Frameworks/QTKit.framework/Versions/A/QTKit
0x000000005faf2000 	/System/Library/PrivateFrameworks/CoreMediaAuthoring.framework/Versions/A/CoreMediaAuthoring
0x000000005faf2000 	/System/Library/PrivateFrameworks/ViewBridge.framework/Versions/A/ViewBridge

VM Arguments:
jvm_args: -Dfile.encoding=UTF-8 
java_command: quizkampen.Client
java_class_path (initial): /Users/Donut/Skola/Objektorienterad Programmering/Sprint_4/Quizkampen/Quizkampen/build/classes
Launcher Type: SUN_STANDARD

Environment Variables:
PATH=/usr/bin:/bin:/usr/sbin:/sbin
LD_LIBRARY_PATH=/Library/Java/JavaVirtualMachines/jdk1.8.0_131.jdk/Contents/Home/jre/lib/amd64:/Library/Java/JavaVirtualMachines/jdk1.8.0_131.jdk/Contents/Home/jre/lib/i386:
SHELL=/bin/bash

Signal Handlers:
SIGSEGV: [libjvm.dylib+0x5b1eb1], sa_mask[0]=11111111011111110111111111111111, sa_flags=SA_ONSTACK|SA_RESTART|SA_SIGINFO
SIGBUS: [libjvm.dylib+0x5b1eb1], sa_mask[0]=11111111011111110111111111111111, sa_flags=SA_RESTART|SA_SIGINFO
SIGFPE: [libjvm.dylib+0x488988], sa_mask[0]=11111111011111110111111111111111, sa_flags=SA_RESTART|SA_SIGINFO
SIGPIPE: [libjvm.dylib+0x488988], sa_mask[0]=11111111011111110111111111111111, sa_flags=SA_RESTART|SA_SIGINFO
SIGXFSZ: [libjvm.dylib+0x488988], sa_mask[0]=11111111011111110111111111111111, sa_flags=SA_RESTART|SA_SIGINFO
SIGILL: [libjvm.dylib+0x488988], sa_mask[0]=11111111011111110111111111111111, sa_flags=SA_RESTART|SA_SIGINFO
SIGUSR1: SIG_DFL, sa_mask[0]=00000000000000000000000000000000, sa_flags=none
SIGUSR2: [libjvm.dylib+0x4884a6], sa_mask[0]=00100000000000000000000000000000, sa_flags=SA_RESTART|SA_SIGINFO
SIGHUP: [libjvm.dylib+0x486a7d], sa_mask[0]=11111111011111110111111111111111, sa_flags=SA_RESTART|SA_SIGINFO
SIGINT: SIG_IGN, sa_mask[0]=00000000000000000000000000000000, sa_flags=none
SIGTERM: [libjvm.dylib+0x486a7d], sa_mask[0]=11111111011111110111111111111111, sa_flags=SA_RESTART|SA_SIGINFO
SIGQUIT: [libjvm.dylib+0x486a7d], sa_mask[0]=11111111011111110111111111111111, sa_flags=SA_RESTART|SA_SIGINFO


---------------  S Y S T E M  ---------------

OS:Bsduname:Darwin 16.7.0 Darwin Kernel Version 16.7.0: Thu Jun 15 17:36:27 PDT 2017; root:xnu-3789.70.16~2/RELEASE_X86_64 x86_64
rlimit: STACK 8192k, CORE 0k, NPROC 709, NOFILE 10240, AS infinity
load average:1.28 1.53 1.61

CPU:total 4 (initial active 4) (2 cores per cpu, 2 threads per core) family 6 model 42 stepping 7, cmov, cx8, fxsr, mmx, sse, sse2, sse3, ssse3, sse4.1, sse4.2, popcnt, avx, aes, clmul, ht, tsc, tscinvbit

Memory: 4k page, physical 4194304k(18176k free)

/proc/meminfo:


vm_info: Java HotSpot(TM) 64-Bit Server VM (25.131-b11) for bsd-amd64 JRE (1.8.0_131-b11), built on Mar 15 2017 01:32:22 by "java_re" with gcc 4.2.1 (Based on Apple Inc. build 5658) (LLVM build 2336.11.00)

time: Tue Nov 28 11:54:12 2017
elapsed time: 8 seconds (0d 0h 0m 8s)

